        -:    0:Source:C:/PROGRA~1/JETBRA~1/CLION2~1.1/bin/mingw/lib/gcc/x86_64-w64-mingw32/11.2.0/include/c++/bits/allocator.h
        -:    0:Graph:C:\Users\Alexander\CLionProjects\oop2\cmake-build-debug\tests\CMakeFiles\testPlayDeckDynamic.dir\testPlayDeckDynamic.cpp.gcno
        -:    0:Data:C:\Users\Alexander\CLionProjects\oop2\cmake-build-debug\tests\CMakeFiles\testPlayDeckDynamic.dir\testPlayDeckDynamic.cpp.gcda
        -:    0:Runs:1
        -:    1:// Allocators -*- C++ -*-
        -:    2:
        -:    3:// Copyright (C) 2001-2021 Free Software Foundation, Inc.
        -:    4://
        -:    5:// This file is part of the GNU ISO C++ Library.  This library is free
        -:    6:// software; you can redistribute it and/or modify it under the
        -:    7:// terms of the GNU General Public License as published by the
        -:    8:// Free Software Foundation; either version 3, or (at your option)
        -:    9:// any later version.
        -:   10:
        -:   11:// This library is distributed in the hope that it will be useful,
        -:   12:// but WITHOUT ANY WARRANTY; without even the implied warranty of
        -:   13:// MERCHANTABILITY or FITNESS FOR A PARTICULAR PURPOSE.  See the
        -:   14:// GNU General Public License for more details.
        -:   15:
        -:   16:// Under Section 7 of GPL version 3, you are granted additional
        -:   17:// permissions described in the GCC Runtime Library Exception, version
        -:   18:// 3.1, as published by the Free Software Foundation.
        -:   19:
        -:   20:// You should have received a copy of the GNU General Public License and
        -:   21:// a copy of the GCC Runtime Library Exception along with this program;
        -:   22:// see the files COPYING3 and COPYING.RUNTIME respectively.  If not, see
        -:   23:// <http://www.gnu.org/licenses/>.
        -:   24:
        -:   25:/*
        -:   26: * Copyright (c) 1996-1997
        -:   27: * Silicon Graphics Computer Systems, Inc.
        -:   28: *
        -:   29: * Permission to use, copy, modify, distribute and sell this software
        -:   30: * and its documentation for any purpose is hereby granted without fee,
        -:   31: * provided that the above copyright notice appear in all copies and
        -:   32: * that both that copyright notice and this permission notice appear
        -:   33: * in supporting documentation.  Silicon Graphics makes no
        -:   34: * representations about the suitability of this software for any
        -:   35: * purpose.  It is provided "as is" without express or implied warranty.
        -:   36: */
        -:   37:
        -:   38:/** @file bits/allocator.h
        -:   39: *  This is an internal header file, included by other library headers.
        -:   40: *  Do not attempt to use it directly. @headername{memory}
        -:   41: */
        -:   42:
        -:   43:#ifndef _ALLOCATOR_H
        -:   44:#define _ALLOCATOR_H 1
        -:   45:
        -:   46:#include <bits/c++allocator.h> // Define the base class to std::allocator.
        -:   47:#include <bits/memoryfwd.h>
        -:   48:#if __cplusplus >= 201103L
        -:   49:#include <type_traits>
        -:   50:#endif
        -:   51:
        -:   52:#define __cpp_lib_incomplete_container_elements 201505
        -:   53:
        -:   54:namespace std _GLIBCXX_VISIBILITY(default)
        -:   55:{
        -:   56:_GLIBCXX_BEGIN_NAMESPACE_VERSION
        -:   57:
        -:   58:  /**
        -:   59:   *  @addtogroup allocators
        -:   60:   *  @{
        -:   61:   */
        -:   62:
        -:   63:  // Since C++20 the primary template should be used for allocator<void>,
        -:   64:  // but then it would have a non-trivial default ctor and dtor, which
        -:   65:  // would be an ABI change. So C++20 still uses the allocator<void> explicit
        -:   66:  // specialization, with the historical ABI properties, but with the same
        -:   67:  // members that are present in the primary template.
        -:   68:
        -:   69:#if ! _GLIBCXX_INLINE_VERSION
        -:   70:  /// allocator<void> specialization.
        -:   71:  template<>
        -:   72:    class allocator<void>
        -:   73:    {
        -:   74:    public:
        -:   75:      typedef void        value_type;
        -:   76:      typedef size_t      size_type;
        -:   77:      typedef ptrdiff_t   difference_type;
        -:   78:
        -:   79:#if __cplusplus <= 201703L
        -:   80:      // These were removed for C++20.
        -:   81:      typedef void*       pointer;
        -:   82:      typedef const void* const_pointer;
        -:   83:
        -:   84:      template<typename _Tp1>
        -:   85:	struct rebind
        -:   86:	{ typedef allocator<_Tp1> other; };
        -:   87:#endif
        -:   88:
        -:   89:#if __cplusplus >= 201103L
        -:   90:      // _GLIBCXX_RESOLVE_LIB_DEFECTS
        -:   91:      // 2103. std::allocator propagate_on_container_move_assignment
        -:   92:      typedef true_type propagate_on_container_move_assignment;
        -:   93:
        -:   94:      typedef true_type is_always_equal;
        -:   95:
        -:   96:#if __cplusplus >= 202002L
        -:   97:      allocator() = default;
        -:   98:
        -:   99:      template<typename _Up>
        -:  100:	constexpr
        -:  101:	allocator(const allocator<_Up>&) noexcept { }
        -:  102:
        -:  103:      // No allocate member because it's ill-formed by LWG 3307.
        -:  104:      // No deallocate member because it would be undefined to call it
        -:  105:      // with any pointer which wasn't obtained from allocate.
        -:  106:
        -:  107:#else // ! C++20
        -:  108:    private:
        -:  109:      // This uses construct and destroy in C++11/14/17 modes.
        -:  110:      friend allocator_traits<allocator<void>>;
        -:  111:
        -:  112:      template<typename _Up, typename... _Args>
        -:  113:	void
        -:  114:	construct(_Up* __p, _Args&&... __args)
        -:  115:	noexcept(std::is_nothrow_constructible<_Up, _Args...>::value)
        -:  116:	{ ::new((void *)__p) _Up(std::forward<_Args>(__args)...); }
        -:  117:
        -:  118:      template<typename _Up>
        -:  119:	void
        -:  120:	destroy(_Up* __p)
        -:  121:	noexcept(std::is_nothrow_destructible<_Up>::value)
        -:  122:	{ __p->~_Up(); }
        -:  123:#endif // C++17
        -:  124:#endif // C++11
        -:  125:
        -:  126:    };
        -:  127:#endif // ! _GLIBCXX_INLINE_VERSION
        -:  128:
        -:  129:  /**
        -:  130:   * @brief  The @a standard allocator, as per C++03 [20.4.1].
        -:  131:   *
        -:  132:   *  See https://gcc.gnu.org/onlinedocs/libstdc++/manual/memory.html#std.util.memory.allocator
        -:  133:   *  for further details.
        -:  134:   *
        -:  135:   *  @tparam  _Tp  Type of allocated object.
        -:  136:   */
        -:  137:  template<typename _Tp>
        -:  138:    class allocator : public __allocator_base<_Tp>
        -:  139:    {
        -:  140:    public:
        -:  141:      typedef _Tp        value_type;
        -:  142:      typedef size_t     size_type;
        -:  143:      typedef ptrdiff_t  difference_type;
        -:  144:
        -:  145:#if __cplusplus <= 201703L
        -:  146:      // These were removed for C++20.
        -:  147:      typedef _Tp*       pointer;
        -:  148:      typedef const _Tp* const_pointer;
        -:  149:      typedef _Tp&       reference;
        -:  150:      typedef const _Tp& const_reference;
        -:  151:
        -:  152:      template<typename _Tp1>
        -:  153:	struct rebind
        -:  154:	{ typedef allocator<_Tp1> other; };
        -:  155:#endif
        -:  156:
        -:  157:#if __cplusplus >= 201103L
        -:  158:      // _GLIBCXX_RESOLVE_LIB_DEFECTS
        -:  159:      // 2103. std::allocator propagate_on_container_move_assignment
        -:  160:      typedef true_type propagate_on_container_move_assignment;
        -:  161:
        -:  162:      typedef true_type is_always_equal;
        -:  163:#endif
        -:  164:
        -:  165:      // _GLIBCXX_RESOLVE_LIB_DEFECTS
        -:  166:      // 3035. std::allocator's constructors should be constexpr
        -:  167:      _GLIBCXX20_CONSTEXPR
     181*:  168:      allocator() _GLIBCXX_NOTHROW { }
------------------
_ZNSaIPKN5Catch8TestCaseEEC2Ev:
function _ZNSaIPKN5Catch8TestCaseEEC2Ev called 0 returned 0% blocks executed 0%
    #####:  168:      allocator() _GLIBCXX_NOTHROW { }
    %%%%%:  168-block  0
call    0 never executed
------------------
_ZNSaIPN5Catch16TestCaseTracking8ITrackerEEC2Ev:
function _ZNSaIPN5Catch16TestCaseTracking8ITrackerEEC2Ev called 1 returned 100% blocks executed 100%
        1:  168:      allocator() _GLIBCXX_NOTHROW { }
        1:  168-block  0
call    0 returned 1
------------------
_ZNSaISt13_Rb_tree_nodeIPKN5Catch8TestCaseEEEC2Ev:
function _ZNSaISt13_Rb_tree_nodeIPKN5Catch8TestCaseEEEC2Ev called 1 returned 100% blocks executed 100%
        1:  168:      allocator() _GLIBCXX_NOTHROW { }
        1:  168-block  0
call    0 returned 1
------------------
_ZNSaIN5Catch5clara6detail3OptEEC2Ev:
function _ZNSaIN5Catch5clara6detail3OptEEC2Ev called 2 returned 100% blocks executed 100%
        2:  168:      allocator() _GLIBCXX_NOTHROW { }
        2:  168-block  0
call    0 returned 2
------------------
_ZNSaIN5Catch5clara6detail3ArgEEC2Ev:
function _ZNSaIN5Catch5clara6detail3ArgEEC2Ev called 2 returned 100% blocks executed 100%
        2:  168:      allocator() _GLIBCXX_NOTHROW { }
        2:  168-block  0
call    0 returned 2
------------------
_ZNSaIN5Catch6ConfigEEC1Ev:
function _ZNSaIN5Catch6ConfigEEC1Ev called 1 returned 100% blocks executed 100%
        1:  168:      allocator() _GLIBCXX_NOTHROW { }
        1:  168-block  0
call    0 returned 1
------------------
_ZNSaIPN5Catch10ISingletonEEC2Ev:
function _ZNSaIPN5Catch10ISingletonEEC2Ev called 1 returned 100% blocks executed 100%
        1:  168:      allocator() _GLIBCXX_NOTHROW { }
        1:  168-block  0
call    0 returned 1
------------------
_ZNSaISt4pairIyPKN5Catch8TestCaseEEEC2Ev:
function _ZNSaISt4pairIyPKN5Catch8TestCaseEEEC2Ev called 0 returned 0% blocks executed 0%
    #####:  168:      allocator() _GLIBCXX_NOTHROW { }
    %%%%%:  168-block  0
call    0 never executed
------------------
_ZNSaIN5Catch8TestCaseEEC2Ev:
function _ZNSaIN5Catch8TestCaseEEC2Ev called 2 returned 100% blocks executed 100%
        2:  168:      allocator() _GLIBCXX_NOTHROW { }
        2:  168-block  0
call    0 returned 2
------------------
_ZNSaISt13_Rb_tree_nodeIN5Catch8TestCaseEEEC2Ev:
function _ZNSaISt13_Rb_tree_nodeIN5Catch8TestCaseEEEC2Ev called 1 returned 100% blocks executed 100%
        1:  168:      allocator() _GLIBCXX_NOTHROW { }
        1:  168-block  0
call    0 returned 1
------------------
_ZNSaIN5Catch16TestCaseTracking14SectionTrackerEEC1Ev:
function _ZNSaIN5Catch16TestCaseTracking14SectionTrackerEEC1Ev called 22 returned 100% blocks executed 100%
       22:  168:      allocator() _GLIBCXX_NOTHROW { }
       22:  168-block  0
call    0 returned 22
------------------
_ZNSaISt10shared_ptrIN5Catch16TestCaseTracking8ITrackerEEEC2Ev:
function _ZNSaISt10shared_ptrIN5Catch16TestCaseTracking8ITrackerEEEC2Ev called 22 returned 100% blocks executed 100%
       22:  168:      allocator() _GLIBCXX_NOTHROW { }
       22:  168-block  0
call    0 returned 22
------------------
_ZNSaIN5Catch14SectionEndInfoEEC2Ev:
function _ZNSaIN5Catch14SectionEndInfoEEC2Ev called 1 returned 100% blocks executed 100%
        1:  168:      allocator() _GLIBCXX_NOTHROW { }
        1:  168-block  0
call    0 returned 1
------------------
_ZNSaISt10shared_ptrIN5Catch8TestSpec7PatternEEEC2Ev:
function _ZNSaISt10shared_ptrIN5Catch8TestSpec7PatternEEEC2Ev called 1 returned 100% blocks executed 100%
        1:  168:      allocator() _GLIBCXX_NOTHROW { }
        1:  168-block  0
call    0 returned 1
------------------
_ZNSaIN5Catch8TestSpec11NamePatternEEC1Ev:
function _ZNSaIN5Catch8TestSpec11NamePatternEEC1Ev called 0 returned 0% blocks executed 0%
    #####:  168:      allocator() _GLIBCXX_NOTHROW { }
    %%%%%:  168-block  0
call    0 never executed
------------------
_ZNSaIN5Catch8TestSpec15ExcludedPatternEEC1Ev:
function _ZNSaIN5Catch8TestSpec15ExcludedPatternEEC1Ev called 0 returned 0% blocks executed 0%
    #####:  168:      allocator() _GLIBCXX_NOTHROW { }
    %%%%%:  168-block  0
call    0 never executed
------------------
_ZNSaIN5Catch8TestSpec10TagPatternEEC1Ev:
function _ZNSaIN5Catch8TestSpec10TagPatternEEC1Ev called 0 returned 0% blocks executed 0%
    #####:  168:      allocator() _GLIBCXX_NOTHROW { }
    %%%%%:  168-block  0
call    0 never executed
------------------
_ZNSaIN5Catch13SummaryColumnEEC2Ev:
function _ZNSaIN5Catch13SummaryColumnEEC2Ev called 0 returned 0% blocks executed 0%
    #####:  168:      allocator() _GLIBCXX_NOTHROW { }
    %%%%%:  168-block  0
call    0 never executed
------------------
_ZNSaISt10unique_ptrIN5Catch18IStreamingReporterESt14default_deleteIS1_EEEC2Ev:
function _ZNSaISt10unique_ptrIN5Catch18IStreamingReporterESt14default_deleteIS1_EEEC2Ev called 0 returned 0% blocks executed 0%
    #####:  168:      allocator() _GLIBCXX_NOTHROW { }
    %%%%%:  168-block  0
call    0 never executed
------------------
_ZNSaISt13_Rb_tree_nodeIN5Catch9VerbosityEEEC2Ev:
function _ZNSaISt13_Rb_tree_nodeIN5Catch9VerbosityEEEC2Ev called 0 returned 0% blocks executed 0%
    #####:  168:      allocator() _GLIBCXX_NOTHROW { }
    %%%%%:  168-block  0
call    0 never executed
------------------
_ZNSaIN5Catch5clara6detail15BoundFlagLambdaIZNS1_4HelpC4ERbEUlbE_EEEC1Ev:
function _ZNSaIN5Catch5clara6detail15BoundFlagLambdaIZNS1_4HelpC4ERbEUlbE_EEEC1Ev called 1 returned 100% blocks executed 100%
        1:  168:      allocator() _GLIBCXX_NOTHROW { }
        1:  168-block  0
call    0 returned 1
------------------
_ZNSaIN5Catch5clara6detail15BoundFlagLambdaIZNS_21makeCommandLineParserERNS_10ConfigDataEEUlbE7_EEEC2Ev:
function _ZNSaIN5Catch5clara6detail15BoundFlagLambdaIZNS_21makeCommandLineParserERNS_10ConfigDataEEUlbE7_EEEC2Ev called 1 returned 100% blocks executed 100%
        1:  168:      allocator() _GLIBCXX_NOTHROW { }
        1:  168-block  0
call    0 returned 1
------------------
_ZNSaIN5Catch5clara6detail13BoundValueRefISt6vectorINSt7__cxx1112basic_stringIcSt11char_traitsIcESaIcEEESaIS9_EEEEEC1Ev:
function _ZNSaIN5Catch5clara6detail13BoundValueRefISt6vectorINSt7__cxx1112basic_stringIcSt11char_traitsIcESaIcEEESaIS9_EEEEEC1Ev called 2 returned 100% blocks executed 100%
        2:  168:      allocator() _GLIBCXX_NOTHROW { }
        2:  168-block  0
call    0 returned 2
------------------
_ZNSaIN5Catch5clara6detail13BoundValueRefINSt7__cxx1112basic_stringIcSt11char_traitsIcESaIcEEEEEEC1Ev:
function _ZNSaIN5Catch5clara6detail13BoundValueRefINSt7__cxx1112basic_stringIcSt11char_traitsIcESaIcEEEEEEC1Ev called 3 returned 100% blocks executed 100%
        3:  168:      allocator() _GLIBCXX_NOTHROW { }
        3:  168-block  0
call    0 returned 3
------------------
_ZNSaINSt7__cxx1112basic_stringIcSt11char_traitsIcESaIcEEEEC2Ev:
function _ZNSaINSt7__cxx1112basic_stringIcSt11char_traitsIcESaIcEEEEC2Ev called 66 returned 100% blocks executed 100%
       66:  168:      allocator() _GLIBCXX_NOTHROW { }
       66:  168-block  0
call    0 returned 66
------------------
_ZNSaINSt7__cxx1112basic_stringIcSt11char_traitsIcESaIcEEEEC1Ev:
function _ZNSaINSt7__cxx1112basic_stringIcSt11char_traitsIcESaIcEEEEC1Ev called 4 returned 100% blocks executed 100%
        4:  168:      allocator() _GLIBCXX_NOTHROW { }
        4:  168-block  0
call    0 returned 4
------------------
_ZNSaIN5Catch5clara6detail11HelpColumnsEEC2Ev:
function _ZNSaIN5Catch5clara6detail11HelpColumnsEEC2Ev called 0 returned 0% blocks executed 0%
    #####:  168:      allocator() _GLIBCXX_NOTHROW { }
    %%%%%:  168-block  0
call    0 never executed
------------------
_ZNSaIN5Catch5clara6detail11HelpColumnsEEC1Ev:
function _ZNSaIN5Catch5clara6detail11HelpColumnsEEC1Ev called 0 returned 0% blocks executed 0%
    #####:  168:      allocator() _GLIBCXX_NOTHROW { }
    %%%%%:  168-block  0
call    0 never executed
------------------
_ZNSaIN5Catch8TestSpec11FilterMatchEEC2Ev:
function _ZNSaIN5Catch8TestSpec11FilterMatchEEC2Ev called 1 returned 100% blocks executed 100%
        1:  168:      allocator() _GLIBCXX_NOTHROW { }
        1:  168-block  0
call    0 returned 1
------------------
_ZNSaIN5Catch8TestSpec11FilterMatchEEC1Ev:
function _ZNSaIN5Catch8TestSpec11FilterMatchEEC1Ev called 1 returned 100% blocks executed 100%
        1:  168:      allocator() _GLIBCXX_NOTHROW { }
        1:  168-block  0
call    0 returned 1
------------------
_ZNSaIN5Catch9VerbosityEEC1Ev:
function _ZNSaIN5Catch9VerbosityEEC1Ev called 1 returned 100% blocks executed 100%
        1:  168:      allocator() _GLIBCXX_NOTHROW { }
        1:  168-block  0
call    0 returned 1
------------------
_ZNSaIN5Catch12_GLOBAL__N_110ColumnInfoEEC2Ev:
function _ZNSaIN5Catch12_GLOBAL__N_110ColumnInfoEEC2Ev called 1 returned 100% blocks executed 100%
        1:  168:      allocator() _GLIBCXX_NOTHROW { }
        1:  168-block  0
call    0 returned 1
------------------
_ZNSaIN5Catch5clara8TextFlow6Column8iteratorEEC2Ev:
function _ZNSaIN5Catch5clara8TextFlow6Column8iteratorEEC2Ev called 0 returned 0% blocks executed 0%
    #####:  168:      allocator() _GLIBCXX_NOTHROW { }
    %%%%%:  168-block  0
call    0 never executed
------------------
_ZNSaIN5Catch5clara8TextFlow6ColumnEEC2Ev:
function _ZNSaIN5Catch5clara8TextFlow6ColumnEEC2Ev called 0 returned 0% blocks executed 0%
    #####:  168:      allocator() _GLIBCXX_NOTHROW { }
    %%%%%:  168-block  0
call    0 never executed
------------------
_ZNSaIN5Catch5clara6detail5TokenEEC2Ev:
function _ZNSaIN5Catch5clara6detail5TokenEEC2Ev called 1 returned 100% blocks executed 100%
        1:  168:      allocator() _GLIBCXX_NOTHROW { }
        1:  168-block  0
call    0 returned 1
------------------
_ZNSaIN5Catch11SectionInfoEEC2Ev:
function _ZNSaIN5Catch11SectionInfoEEC2Ev called 1 returned 100% blocks executed 100%
        1:  168:      allocator() _GLIBCXX_NOTHROW { }
        1:  168-block  0
call    0 returned 1
------------------
_ZNSaIN5Catch5clara6detail12BoundFlagRefEEC1Ev:
function _ZNSaIN5Catch5clara6detail12BoundFlagRefEEC1Ev called 11 returned 100% blocks executed 100%
       11:  168:      allocator() _GLIBCXX_NOTHROW { }
       11:  168-block  0
call    0 returned 11
------------------
_ZNSaIN5Catch8TestSpec6FilterEEC2Ev:
function _ZNSaIN5Catch8TestSpec6FilterEEC2Ev called 2 returned 100% blocks executed 100%
        2:  168:      allocator() _GLIBCXX_NOTHROW { }
        2:  168-block  0
call    0 returned 2
------------------
_ZNSaIN5Catch9StringRefEEC2Ev:
function _ZNSaIN5Catch9StringRefEEC2Ev called 0 returned 0% blocks executed 0%
    #####:  168:      allocator() _GLIBCXX_NOTHROW { }
    %%%%%:  168-block  0
call    0 never executed
------------------
_ZNSaISt4pairIiN5Catch9StringRefEEEC2Ev:
function _ZNSaISt4pairIiN5Catch9StringRefEEEC2Ev called 0 returned 0% blocks executed 0%
    #####:  168:      allocator() _GLIBCXX_NOTHROW { }
    %%%%%:  168-block  0
call    0 never executed
------------------
_ZNSaISt13_Rb_tree_nodeISt4pairIKNSt7__cxx1112basic_stringIcSt11char_traitsIcESaIcEEEN5Catch7TagInfoEEEEC2Ev:
function _ZNSaISt13_Rb_tree_nodeISt4pairIKNSt7__cxx1112basic_stringIcSt11char_traitsIcESaIcEEEN5Catch7TagInfoEEEEC2Ev called 0 returned 0% blocks executed 0%
    #####:  168:      allocator() _GLIBCXX_NOTHROW { }
    %%%%%:  168-block  0
call    0 never executed
------------------
_ZNSaISt13_Rb_tree_nodeINSt7__cxx1112basic_stringIcSt11char_traitsIcESaIcEEEEEC2Ev:
function _ZNSaISt13_Rb_tree_nodeINSt7__cxx1112basic_stringIcSt11char_traitsIcESaIcEEEEEC2Ev called 0 returned 0% blocks executed 0%
    #####:  168:      allocator() _GLIBCXX_NOTHROW { }
    %%%%%:  168-block  0
call    0 never executed
------------------
_ZNSaIyEC2Ev:
function _ZNSaIyEC2Ev called 1 returned 100% blocks executed 100%
        1:  168:      allocator() _GLIBCXX_NOTHROW { }
        1:  168-block  0
call    0 returned 1
------------------
_ZNSaIN5Catch11MessageInfoEEC2Ev:
function _ZNSaIN5Catch11MessageInfoEEC2Ev called 1 returned 100% blocks executed 100%
        1:  168:      allocator() _GLIBCXX_NOTHROW { }
        1:  168-block  0
call    0 returned 1
------------------
_ZNSaIN5Catch10Generators16GeneratorTrackerEEC1Ev:
function _ZNSaIN5Catch10Generators16GeneratorTrackerEEC1Ev called 0 returned 0% blocks executed 0%
    #####:  168:      allocator() _GLIBCXX_NOTHROW { }
    %%%%%:  168-block  0
call    0 never executed
------------------
_ZNSaIN5Catch13ScopedMessageEEC2Ev:
function _ZNSaIN5Catch13ScopedMessageEEC2Ev called 1 returned 100% blocks executed 100%
        1:  168:      allocator() _GLIBCXX_NOTHROW { }
        1:  168-block  0
call    0 returned 1
------------------
_ZNSaISt4pairIN9__gnu_cxx17__normal_iteratorIPKcNSt7__cxx1112basic_stringIcSt11char_traitsIcESaIcEEEEEiEEC1Ev:
function _ZNSaISt4pairIN9__gnu_cxx17__normal_iteratorIPKcNSt7__cxx1112basic_stringIcSt11char_traitsIcESaIcEEEEEiEEC1Ev called 0 returned 0% blocks executed 0%
    #####:  168:      allocator() _GLIBCXX_NOTHROW { }
    %%%%%:  168-block  0
call    0 never executed
------------------
_ZNSaIN5Catch5clara6detail13BoundValueRefIjEEEC1Ev:
function _ZNSaIN5Catch5clara6detail13BoundValueRefIjEEEC1Ev called 2 returned 100% blocks executed 100%
        2:  168:      allocator() _GLIBCXX_NOTHROW { }
        2:  168-block  0
call    0 returned 2
------------------
_ZNSaIN5Catch5clara6detail13BoundValueRefIxEEEC1Ev:
function _ZNSaIN5Catch5clara6detail13BoundValueRefIxEEEC1Ev called 1 returned 100% blocks executed 100%
        1:  168:      allocator() _GLIBCXX_NOTHROW { }
        1:  168-block  0
call    0 returned 1
------------------
_ZNSaINSt7__cxx119sub_matchIN9__gnu_cxx17__normal_iteratorIPKcNS_12basic_stringIcSt11char_traitsIcESaIcEEEEEEEEC2Ev:
function _ZNSaINSt7__cxx119sub_matchIN9__gnu_cxx17__normal_iteratorIPKcNS_12basic_stringIcSt11char_traitsIcESaIcEEEEEEEEC2Ev called 0 returned 0% blocks executed 0%
    #####:  168:      allocator() _GLIBCXX_NOTHROW { }
    %%%%%:  168-block  0
call    0 never executed
------------------
_ZNSaINSt7__cxx119sub_matchIN9__gnu_cxx17__normal_iteratorIPKcNS_12basic_stringIcSt11char_traitsIcESaIcEEEEEEEEC1Ev:
function _ZNSaINSt7__cxx119sub_matchIN9__gnu_cxx17__normal_iteratorIPKcNS_12basic_stringIcSt11char_traitsIcESaIcEEEEEEEEC1Ev called 0 returned 0% blocks executed 0%
    #####:  168:      allocator() _GLIBCXX_NOTHROW { }
    %%%%%:  168-block  0
call    0 never executed
------------------
_ZNSaISt13_Rb_tree_nodeISt4pairIKNSt7__cxx1112basic_stringIcSt11char_traitsIcESaIcEEESt10shared_ptrIN5Catch16IReporterFactoryEEEEEC2Ev:
function _ZNSaISt13_Rb_tree_nodeISt4pairIKNSt7__cxx1112basic_stringIcSt11char_traitsIcESaIcEEESt10shared_ptrIN5Catch16IReporterFactoryEEEEEC2Ev called 1 returned 100% blocks executed 100%
        1:  168:      allocator() _GLIBCXX_NOTHROW { }
        1:  168-block  0
call    0 returned 1
------------------
_ZNSaISt10shared_ptrIN5Catch16IReporterFactoryEEEC2Ev:
function _ZNSaISt10shared_ptrIN5Catch16IReporterFactoryEEEC2Ev called 1 returned 100% blocks executed 100%
        1:  168:      allocator() _GLIBCXX_NOTHROW { }
        1:  168-block  0
call    0 returned 1
------------------
_ZNSaISt10unique_ptrIKN5Catch20IExceptionTranslatorESt14default_deleteIS2_EEEC2Ev:
function _ZNSaISt10unique_ptrIKN5Catch20IExceptionTranslatorESt14default_deleteIS2_EEEC2Ev called 1 returned 100% blocks executed 100%
        1:  168:      allocator() _GLIBCXX_NOTHROW { }
        1:  168-block  0
call    0 returned 1
------------------
_ZNSaISt13_Rb_tree_nodeISt4pairIKNSt7__cxx1112basic_stringIcSt11char_traitsIcESaIcEEEN5Catch8TagAliasEEEEC2Ev:
function _ZNSaISt13_Rb_tree_nodeISt4pairIKNSt7__cxx1112basic_stringIcSt11char_traitsIcESaIcEEEN5Catch8TagAliasEEEEC2Ev called 1 returned 100% blocks executed 100%
        1:  168:      allocator() _GLIBCXX_NOTHROW { }
        1:  168-block  0
call    0 returned 1
------------------
_ZNSaINSt15__exception_ptr13exception_ptrEEC2Ev:
function _ZNSaINSt15__exception_ptr13exception_ptrEEC2Ev called 1 returned 100% blocks executed 100%
        1:  168:      allocator() _GLIBCXX_NOTHROW { }
        1:  168-block  0
call    0 returned 1
------------------
_ZNSaISt10unique_ptrIN5Catch6Detail8EnumInfoESt14default_deleteIS2_EEEC2Ev:
function _ZNSaISt10unique_ptrIN5Catch6Detail8EnumInfoESt14default_deleteIS2_EEEC2Ev called 1 returned 100% blocks executed 100%
        1:  168:      allocator() _GLIBCXX_NOTHROW { }
        1:  168-block  0
call    0 returned 1
------------------
_ZNSaISt10unique_ptrINSt7__cxx1119basic_ostringstreamIcSt11char_traitsIcESaIcEEESt14default_deleteIS5_EEEC2Ev:
function _ZNSaISt10unique_ptrINSt7__cxx1119basic_ostringstreamIcSt11char_traitsIcESaIcEEESt14default_deleteIS5_EEEC2Ev called 0 returned 0% blocks executed 0%
    #####:  168:      allocator() _GLIBCXX_NOTHROW { }
    %%%%%:  168-block  0
call    0 never executed
------------------
_ZNSaIN5Catch5clara6detail11BoundLambdaIZNS_21makeCommandLineParserERNS_10ConfigDataEEUlRKNSt7__cxx1112basic_stringIcSt11char_traitsIcESaIcEEEE4_EEEC2Ev:
function _ZNSaIN5Catch5clara6detail11BoundLambdaIZNS_21makeCommandLineParserERNS_10ConfigDataEEUlRKNSt7__cxx1112basic_stringIcSt11char_traitsIcESaIcEEEE4_EEEC2Ev called 1 returned 100% blocks executed 100%
        1:  168:      allocator() _GLIBCXX_NOTHROW { }
        1:  168-block  0
call    0 returned 1
------------------
_ZNSaINSt8__detail4_NFAINSt7__cxx1112regex_traitsIcEEEEEC1Ev:
function _ZNSaINSt8__detail4_NFAINSt7__cxx1112regex_traitsIcEEEEEC1Ev called 0 returned 0% blocks executed 0%
    #####:  168:      allocator() _GLIBCXX_NOTHROW { }
    %%%%%:  168-block  0
call    0 never executed
------------------
_ZNSaISt4pairIlSt6vectorINSt7__cxx119sub_matchIN9__gnu_cxx17__normal_iteratorIPKcNS1_12basic_stringIcSt11char_traitsIcESaIcEEEEEEESaISD_EEEEC2Ev:
function _ZNSaISt4pairIlSt6vectorINSt7__cxx119sub_matchIN9__gnu_cxx17__normal_iteratorIPKcNS1_12basic_stringIcSt11char_traitsIcESaIcEEEEEEESaISD_EEEEC2Ev called 0 returned 0% blocks executed 0%
    #####:  168:      allocator() _GLIBCXX_NOTHROW { }
    %%%%%:  168-block  0
call    0 never executed
------------------
_ZNSaINSt8__detail9_StateSeqINSt7__cxx1112regex_traitsIcEEEEEC2Ev:
function _ZNSaINSt8__detail9_StateSeqINSt7__cxx1112regex_traitsIcEEEEEC2Ev called 0 returned 0% blocks executed 0%
    #####:  168:      allocator() _GLIBCXX_NOTHROW { }
    %%%%%:  168-block  0
call    0 never executed
------------------
_ZNSaISt13_Rb_tree_nodeISt4pairIKllEEEC2Ev:
function _ZNSaISt13_Rb_tree_nodeISt4pairIKllEEEC2Ev called 0 returned 0% blocks executed 0%
    #####:  168:      allocator() _GLIBCXX_NOTHROW { }
    %%%%%:  168-block  0
call    0 never executed
------------------
_ZNSaISt4pairIccEEC2Ev:
function _ZNSaISt4pairIccEEC2Ev called 0 returned 0% blocks executed 0%
    #####:  168:      allocator() _GLIBCXX_NOTHROW { }
    %%%%%:  168-block  0
call    0 never executed
------------------
_ZNSaINSt7__cxx1112regex_traitsIcE10_RegexMaskEEC2Ev:
function _ZNSaINSt7__cxx1112regex_traitsIcE10_RegexMaskEEC2Ev called 0 returned 0% blocks executed 0%
    #####:  168:      allocator() _GLIBCXX_NOTHROW { }
    %%%%%:  168-block  0
call    0 never executed
------------------
_ZNSaISt4pairINSt7__cxx1112basic_stringIcSt11char_traitsIcESaIcEEES5_EEC2Ev:
function _ZNSaISt4pairINSt7__cxx1112basic_stringIcSt11char_traitsIcESaIcEEES5_EEC2Ev called 0 returned 0% blocks executed 0%
    #####:  168:      allocator() _GLIBCXX_NOTHROW { }
    %%%%%:  168-block  0
call    0 never executed
------------------
_ZNSaIlEC2Ev:
function _ZNSaIlEC2Ev called 0 returned 0% blocks executed 0%
    #####:  168:      allocator() _GLIBCXX_NOTHROW { }
    %%%%%:  168-block  0
call    0 never executed
------------------
_ZNSaINSt8__detail6_StateIcEEEC2Ev:
function _ZNSaINSt8__detail6_StateIcEEEC2Ev called 0 returned 0% blocks executed 0%
    #####:  168:      allocator() _GLIBCXX_NOTHROW { }
    %%%%%:  168-block  0
call    0 never executed
------------------
_ZNSaIN5Catch22CumulativeReporterBaseINS_13JunitReporterEE11SectionNodeEEC1Ev:
function _ZNSaIN5Catch22CumulativeReporterBaseINS_13JunitReporterEE11SectionNodeEEC1Ev called 0 returned 0% blocks executed 0%
    #####:  168:      allocator() _GLIBCXX_NOTHROW { }
    %%%%%:  168-block  0
call    0 never executed
------------------
_ZNSaIN5Catch17ReporterRegistrarINS_11XmlReporterEE15ReporterFactoryEEC1Ev:
function _ZNSaIN5Catch17ReporterRegistrarINS_11XmlReporterEE15ReporterFactoryEEC1Ev called 1 returned 100% blocks executed 100%
        1:  168:      allocator() _GLIBCXX_NOTHROW { }
        1:  168-block  0
call    0 returned 1
------------------
_ZNSaIN5Catch17ReporterRegistrarINS_15CompactReporterEE15ReporterFactoryEEC1Ev:
function _ZNSaIN5Catch17ReporterRegistrarINS_15CompactReporterEE15ReporterFactoryEEC1Ev called 1 returned 100% blocks executed 100%
        1:  168:      allocator() _GLIBCXX_NOTHROW { }
        1:  168-block  0
call    0 returned 1
------------------
_ZNSaIN5Catch17ReporterRegistrarINS_15ConsoleReporterEE15ReporterFactoryEEC1Ev:
function _ZNSaIN5Catch17ReporterRegistrarINS_15ConsoleReporterEE15ReporterFactoryEEC1Ev called 1 returned 100% blocks executed 100%
        1:  168:      allocator() _GLIBCXX_NOTHROW { }
        1:  168-block  0
call    0 returned 1
------------------
_ZNSaIN5Catch14AssertionStatsEEC2Ev:
function _ZNSaIN5Catch14AssertionStatsEEC2Ev called 0 returned 0% blocks executed 0%
    #####:  168:      allocator() _GLIBCXX_NOTHROW { }
    %%%%%:  168-block  0
call    0 never executed
------------------
_ZNSaISt6vectorISt10shared_ptrIN5Catch22CumulativeReporterBaseINS1_13JunitReporterEE11SectionNodeEESaIS6_EEEC2Ev:
function _ZNSaISt6vectorISt10shared_ptrIN5Catch22CumulativeReporterBaseINS1_13JunitReporterEE11SectionNodeEESaIS6_EEEC2Ev called 0 returned 0% blocks executed 0%
    #####:  168:      allocator() _GLIBCXX_NOTHROW { }
    %%%%%:  168-block  0
call    0 never executed
------------------
_ZNSaISt10shared_ptrIN5Catch22CumulativeReporterBaseINS0_13JunitReporterEE4NodeINS0_13TestCaseStatsENS3_11SectionNodeEEEEEC2Ev:
function _ZNSaISt10shared_ptrIN5Catch22CumulativeReporterBaseINS0_13JunitReporterEE4NodeINS0_13TestCaseStatsENS3_11SectionNodeEEEEEC2Ev called 0 returned 0% blocks executed 0%
    #####:  168:      allocator() _GLIBCXX_NOTHROW { }
    %%%%%:  168-block  0
call    0 never executed
------------------
_ZNSaISt10shared_ptrIN5Catch22CumulativeReporterBaseINS0_13JunitReporterEE4NodeINS0_14TestGroupStatsENS4_INS0_13TestCaseStatsENS3_11SectionNodeEEEEEEEC2Ev:
function _ZNSaISt10shared_ptrIN5Catch22CumulativeReporterBaseINS0_13JunitReporterEE4NodeINS0_14TestGroupStatsENS4_INS0_13TestCaseStatsENS3_11SectionNodeEEEEEEEC2Ev called 0 returned 0% blocks executed 0%
    #####:  168:      allocator() _GLIBCXX_NOTHROW { }
    %%%%%:  168-block  0
call    0 never executed
------------------
_ZNSaISt10shared_ptrIN5Catch22CumulativeReporterBaseINS0_13JunitReporterEE4NodeINS0_12TestRunStatsENS4_INS0_14TestGroupStatsENS4_INS0_13TestCaseStatsENS3_11SectionNodeEEEEEEEEEC2Ev:
function _ZNSaISt10shared_ptrIN5Catch22CumulativeReporterBaseINS0_13JunitReporterEE4NodeINS0_12TestRunStatsENS4_INS0_14TestGroupStatsENS4_INS0_13TestCaseStatsENS3_11SectionNodeEEEEEEEEEC2Ev called 0 returned 0% blocks executed 0%
    #####:  168:      allocator() _GLIBCXX_NOTHROW { }
    %%%%%:  168-block  0
call    0 never executed
------------------
_ZNSaISt10shared_ptrIN5Catch22CumulativeReporterBaseINS0_13JunitReporterEE11SectionNodeEEEC2Ev:
function _ZNSaISt10shared_ptrIN5Catch22CumulativeReporterBaseINS0_13JunitReporterEE11SectionNodeEEEC2Ev called 0 returned 0% blocks executed 0%
    #####:  168:      allocator() _GLIBCXX_NOTHROW { }
    %%%%%:  168-block  0
call    0 never executed
------------------
_ZNSaIN5Catch22CumulativeReporterBaseINS_13JunitReporterEE4NodeINS_13TestCaseStatsENS2_11SectionNodeEEEEC1Ev:
function _ZNSaIN5Catch22CumulativeReporterBaseINS_13JunitReporterEE4NodeINS_13TestCaseStatsENS2_11SectionNodeEEEEC1Ev called 0 returned 0% blocks executed 0%
    #####:  168:      allocator() _GLIBCXX_NOTHROW { }
    %%%%%:  168-block  0
call    0 never executed
------------------
_ZNSaIN5Catch22CumulativeReporterBaseINS_13JunitReporterEE4NodeINS_14TestGroupStatsENS3_INS_13TestCaseStatsENS2_11SectionNodeEEEEEEC1Ev:
function _ZNSaIN5Catch22CumulativeReporterBaseINS_13JunitReporterEE4NodeINS_14TestGroupStatsENS3_INS_13TestCaseStatsENS2_11SectionNodeEEEEEEC1Ev called 0 returned 0% blocks executed 0%
    #####:  168:      allocator() _GLIBCXX_NOTHROW { }
    %%%%%:  168-block  0
call    0 never executed
------------------
_ZNSaIN5Catch17ReporterRegistrarINS_13JunitReporterEE15ReporterFactoryEEC1Ev:
function _ZNSaIN5Catch17ReporterRegistrarINS_13JunitReporterEE15ReporterFactoryEEC1Ev called 1 returned 100% blocks executed 100%
        1:  168:      allocator() _GLIBCXX_NOTHROW { }
        1:  168-block  0
call    0 returned 1
------------------
_ZNSaIN5Catch22CumulativeReporterBaseINS_13JunitReporterEE4NodeINS_12TestRunStatsENS3_INS_14TestGroupStatsENS3_INS_13TestCaseStatsENS2_11SectionNodeEEEEEEEEC1Ev:
function _ZNSaIN5Catch22CumulativeReporterBaseINS_13JunitReporterEE4NodeINS_12TestRunStatsENS3_INS_14TestGroupStatsENS3_INS_13TestCaseStatsENS2_11SectionNodeEEEEEEEEC1Ev called 0 returned 0% blocks executed 0%
    #####:  168:      allocator() _GLIBCXX_NOTHROW { }
    %%%%%:  168-block  0
call    0 never executed
------------------
_ZNSaIN5Catch5clara6detail11BoundLambdaIZNS_21makeCommandLineParserERNS_10ConfigDataEEUlRKNSt7__cxx1112basic_stringIcSt11char_traitsIcESaIcEEEE6_EEEC2Ev:
function _ZNSaIN5Catch5clara6detail11BoundLambdaIZNS_21makeCommandLineParserERNS_10ConfigDataEEUlRKNSt7__cxx1112basic_stringIcSt11char_traitsIcESaIcEEEE6_EEEC2Ev called 1 returned 100% blocks executed 100%
        1:  168:      allocator() _GLIBCXX_NOTHROW { }
        1:  168-block  0
call    0 returned 1
------------------
_ZNSaIN5Catch5clara6detail11BoundLambdaIZNS_21makeCommandLineParserERNS_10ConfigDataEEUliE8_EEEC2Ev:
function _ZNSaIN5Catch5clara6detail11BoundLambdaIZNS_21makeCommandLineParserERNS_10ConfigDataEEUliE8_EEEC2Ev called 1 returned 100% blocks executed 100%
        1:  168:      allocator() _GLIBCXX_NOTHROW { }
        1:  168-block  0
call    0 returned 1
------------------
_ZNSaIN5Catch5clara6detail11BoundLambdaIZNS_21makeCommandLineParserERNS_10ConfigDataEEUlRKNSt7__cxx1112basic_stringIcSt11char_traitsIcESaIcEEEE_EEEC2Ev:
function _ZNSaIN5Catch5clara6detail11BoundLambdaIZNS_21makeCommandLineParserERNS_10ConfigDataEEUlRKNSt7__cxx1112basic_stringIcSt11char_traitsIcESaIcEEEE_EEEC2Ev called 1 returned 100% blocks executed 100%
        1:  168:      allocator() _GLIBCXX_NOTHROW { }
        1:  168-block  0
call    0 returned 1
------------------
_ZNSaIN5Catch5clara6detail11BoundLambdaIZNS_21makeCommandLineParserERNS_10ConfigDataEEUlbE9_EEEC2Ev:
function _ZNSaIN5Catch5clara6detail11BoundLambdaIZNS_21makeCommandLineParserERNS_10ConfigDataEEUlbE9_EEEC2Ev called 1 returned 100% blocks executed 100%
        1:  168:      allocator() _GLIBCXX_NOTHROW { }
        1:  168-block  0
call    0 returned 1
------------------
_ZNSaIN5Catch5clara6detail13BoundValueRefIdEEEC1Ev:
function _ZNSaIN5Catch5clara6detail13BoundValueRefIdEEEC1Ev called 2 returned 100% blocks executed 100%
        2:  168:      allocator() _GLIBCXX_NOTHROW { }
        2:  168-block  0
call    0 returned 2
------------------
_ZNSaIN5Catch5clara6detail11BoundLambdaIZNS_21makeCommandLineParserERNS_10ConfigDataEEUlRKNSt7__cxx1112basic_stringIcSt11char_traitsIcESaIcEEEE0_EEEC2Ev:
function _ZNSaIN5Catch5clara6detail11BoundLambdaIZNS_21makeCommandLineParserERNS_10ConfigDataEEUlRKNSt7__cxx1112basic_stringIcSt11char_traitsIcESaIcEEEE0_EEEC2Ev called 1 returned 100% blocks executed 100%
        1:  168:      allocator() _GLIBCXX_NOTHROW { }
        1:  168-block  0
call    0 returned 1
------------------
_ZNSaIN5Catch5clara6detail11BoundLambdaIZNS_21makeCommandLineParserERNS_10ConfigDataEEUlRKNSt7__cxx1112basic_stringIcSt11char_traitsIcESaIcEEEE5_EEEC2Ev:
function _ZNSaIN5Catch5clara6detail11BoundLambdaIZNS_21makeCommandLineParserERNS_10ConfigDataEEUlRKNSt7__cxx1112basic_stringIcSt11char_traitsIcESaIcEEEE5_EEEC2Ev called 1 returned 100% blocks executed 100%
        1:  168:      allocator() _GLIBCXX_NOTHROW { }
        1:  168-block  0
call    0 returned 1
------------------
_ZNSaIN5Catch5clara6detail11BoundLambdaIZNS_21makeCommandLineParserERNS_10ConfigDataEEUlRKNSt7__cxx1112basic_stringIcSt11char_traitsIcESaIcEEEE1_EEEC2Ev:
function _ZNSaIN5Catch5clara6detail11BoundLambdaIZNS_21makeCommandLineParserERNS_10ConfigDataEEUlRKNSt7__cxx1112basic_stringIcSt11char_traitsIcESaIcEEEE1_EEEC2Ev called 1 returned 100% blocks executed 100%
        1:  168:      allocator() _GLIBCXX_NOTHROW { }
        1:  168-block  0
call    0 returned 1
------------------
_ZNSaIN5Catch5clara6detail11BoundLambdaIZNS_21makeCommandLineParserERNS_10ConfigDataEEUlRKNSt7__cxx1112basic_stringIcSt11char_traitsIcESaIcEEEE2_EEEC2Ev:
function _ZNSaIN5Catch5clara6detail11BoundLambdaIZNS_21makeCommandLineParserERNS_10ConfigDataEEUlRKNSt7__cxx1112basic_stringIcSt11char_traitsIcESaIcEEEE2_EEEC2Ev called 1 returned 100% blocks executed 100%
        1:  168:      allocator() _GLIBCXX_NOTHROW { }
        1:  168-block  0
call    0 returned 1
------------------
_ZNSaIN5Catch5clara6detail11BoundLambdaIZNS_21makeCommandLineParserERNS_10ConfigDataEEUlRKNSt7__cxx1112basic_stringIcSt11char_traitsIcESaIcEEEE3_EEEC2Ev:
function _ZNSaIN5Catch5clara6detail11BoundLambdaIZNS_21makeCommandLineParserERNS_10ConfigDataEEUlRKNSt7__cxx1112basic_stringIcSt11char_traitsIcESaIcEEEE3_EEEC2Ev called 1 returned 100% blocks executed 100%
        1:  168:      allocator() _GLIBCXX_NOTHROW { }
        1:  168-block  0
call    0 returned 1
------------------
        -:  169:
        -:  170:      _GLIBCXX20_CONSTEXPR
    3153*:  171:      allocator(const allocator& __a) _GLIBCXX_NOTHROW
    3153*:  172:      : __allocator_base<_Tp>(__a) { }
------------------
_ZNSaIN5Catch6ConfigEEC2ERKS1_:
function _ZNSaIN5Catch6ConfigEEC2ERKS1_ called 1 returned 100% blocks executed 100%
        1:  171:      allocator(const allocator& __a) _GLIBCXX_NOTHROW
        1:  172:      : __allocator_base<_Tp>(__a) { }
        1:  172-block  0
call    0 returned 1
------------------
_ZNSaIPKN5Catch8TestCaseEEC2ERKS3_:
function _ZNSaIPKN5Catch8TestCaseEEC2ERKS3_ called 0 returned 0% blocks executed 0%
    #####:  171:      allocator(const allocator& __a) _GLIBCXX_NOTHROW
    #####:  172:      : __allocator_base<_Tp>(__a) { }
    %%%%%:  172-block  0
call    0 never executed
------------------
_ZNSaIPKN5Catch8TestCaseEEC1ERKS3_:
function _ZNSaIPKN5Catch8TestCaseEEC1ERKS3_ called 0 returned 0% blocks executed 0%
    #####:  171:      allocator(const allocator& __a) _GLIBCXX_NOTHROW
    #####:  172:      : __allocator_base<_Tp>(__a) { }
    %%%%%:  172-block  0
call    0 never executed
------------------
_ZNSaISt10shared_ptrIN5Catch8TestSpec7PatternEEEC2ERKS4_:
function _ZNSaISt10shared_ptrIN5Catch8TestSpec7PatternEEEC2ERKS4_ called 0 returned 0% blocks executed 0%
    #####:  171:      allocator(const allocator& __a) _GLIBCXX_NOTHROW
    #####:  172:      : __allocator_base<_Tp>(__a) { }
    %%%%%:  172-block  0
call    0 never executed
------------------
_ZNSaISt10shared_ptrIN5Catch8TestSpec7PatternEEEC1ERKS4_:
function _ZNSaISt10shared_ptrIN5Catch8TestSpec7PatternEEEC1ERKS4_ called 0 returned 0% blocks executed 0%
    #####:  171:      allocator(const allocator& __a) _GLIBCXX_NOTHROW
    #####:  172:      : __allocator_base<_Tp>(__a) { }
    %%%%%:  172-block  0
call    0 never executed
------------------
_ZNSaISt13_Rb_tree_nodeIN5Catch9VerbosityEEEC2ERKS3_:
function _ZNSaISt13_Rb_tree_nodeIN5Catch9VerbosityEEEC2ERKS3_ called 1 returned 100% blocks executed 100%
        1:  171:      allocator(const allocator& __a) _GLIBCXX_NOTHROW
        1:  172:      : __allocator_base<_Tp>(__a) { }
        1:  172-block  0
call    0 returned 1
------------------
_ZNSaIN5Catch5clara6detail13BoundValueRefINSt7__cxx1112basic_stringIcSt11char_traitsIcESaIcEEEEEEC2ERKSA_:
function _ZNSaIN5Catch5clara6detail13BoundValueRefINSt7__cxx1112basic_stringIcSt11char_traitsIcESaIcEEEEEEC2ERKSA_ called 3 returned 100% blocks executed 100%
        3:  171:      allocator(const allocator& __a) _GLIBCXX_NOTHROW
        3:  172:      : __allocator_base<_Tp>(__a) { }
        3:  172-block  0
call    0 returned 3
------------------
_ZNSaIN5Catch5clara6detail13BoundValueRefINSt7__cxx1112basic_stringIcSt11char_traitsIcESaIcEEEEEEC1ERKSA_:
function _ZNSaIN5Catch5clara6detail13BoundValueRefINSt7__cxx1112basic_stringIcSt11char_traitsIcESaIcEEEEEEC1ERKSA_ called 6 returned 100% blocks executed 100%
        6:  171:      allocator(const allocator& __a) _GLIBCXX_NOTHROW
        6:  172:      : __allocator_base<_Tp>(__a) { }
        6:  172-block  0
call    0 returned 6
------------------
_ZNSaIN5Catch5clara6detail12BoundFlagRefEEC2ERKS3_:
function _ZNSaIN5Catch5clara6detail12BoundFlagRefEEC2ERKS3_ called 11 returned 100% blocks executed 100%
       11:  171:      allocator(const allocator& __a) _GLIBCXX_NOTHROW
       11:  172:      : __allocator_base<_Tp>(__a) { }
       11:  172-block  0
call    0 returned 11
------------------
_ZNSaIN5Catch5clara6detail12BoundFlagRefEEC1ERKS3_:
function _ZNSaIN5Catch5clara6detail12BoundFlagRefEEC1ERKS3_ called 22 returned 100% blocks executed 100%
       22:  171:      allocator(const allocator& __a) _GLIBCXX_NOTHROW
       22:  172:      : __allocator_base<_Tp>(__a) { }
       22:  172-block  0
call    0 returned 22
------------------
_ZNSaIN5Catch10Generators16GeneratorTrackerEEC2ERKS2_:
function _ZNSaIN5Catch10Generators16GeneratorTrackerEEC2ERKS2_ called 0 returned 0% blocks executed 0%
    #####:  171:      allocator(const allocator& __a) _GLIBCXX_NOTHROW
    #####:  172:      : __allocator_base<_Tp>(__a) { }
    %%%%%:  172-block  0
call    0 never executed
------------------
_ZNSaIN5Catch10Generators16GeneratorTrackerEEC1ERKS2_:
function _ZNSaIN5Catch10Generators16GeneratorTrackerEEC1ERKS2_ called 0 returned 0% blocks executed 0%
    #####:  171:      allocator(const allocator& __a) _GLIBCXX_NOTHROW
    #####:  172:      : __allocator_base<_Tp>(__a) { }
    %%%%%:  172-block  0
call    0 never executed
------------------
_ZNSaIN5Catch11MessageInfoEEC1ERKS1_:
function _ZNSaIN5Catch11MessageInfoEEC1ERKS1_ called 2 returned 100% blocks executed 100%
        2:  171:      allocator(const allocator& __a) _GLIBCXX_NOTHROW
        2:  172:      : __allocator_base<_Tp>(__a) { }
        2:  172-block  0
call    0 returned 2
------------------
_ZNSaIN5Catch6ConfigEEC1ERKS1_:
function _ZNSaIN5Catch6ConfigEEC1ERKS1_ called 2 returned 100% blocks executed 100%
        2:  171:      allocator(const allocator& __a) _GLIBCXX_NOTHROW
        2:  172:      : __allocator_base<_Tp>(__a) { }
        2:  172-block  0
call    0 returned 2
------------------
_ZNSaIN5Catch16TestCaseTracking14SectionTrackerEEC2ERKS2_:
function _ZNSaIN5Catch16TestCaseTracking14SectionTrackerEEC2ERKS2_ called 22 returned 100% blocks executed 100%
       22:  171:      allocator(const allocator& __a) _GLIBCXX_NOTHROW
       22:  172:      : __allocator_base<_Tp>(__a) { }
       22:  172-block  0
call    0 returned 22
------------------
_ZNSaIN5Catch16TestCaseTracking14SectionTrackerEEC1ERKS2_:
function _ZNSaIN5Catch16TestCaseTracking14SectionTrackerEEC1ERKS2_ called 44 returned 100% blocks executed 100%
       44:  171:      allocator(const allocator& __a) _GLIBCXX_NOTHROW
       44:  172:      : __allocator_base<_Tp>(__a) { }
       44:  172-block  0
call    0 returned 44
------------------
_ZNSaIN5Catch8TestSpec11NamePatternEEC2ERKS2_:
function _ZNSaIN5Catch8TestSpec11NamePatternEEC2ERKS2_ called 0 returned 0% blocks executed 0%
    #####:  171:      allocator(const allocator& __a) _GLIBCXX_NOTHROW
    #####:  172:      : __allocator_base<_Tp>(__a) { }
    %%%%%:  172-block  0
call    0 never executed
------------------
_ZNSaIN5Catch8TestSpec11NamePatternEEC1ERKS2_:
function _ZNSaIN5Catch8TestSpec11NamePatternEEC1ERKS2_ called 0 returned 0% blocks executed 0%
    #####:  171:      allocator(const allocator& __a) _GLIBCXX_NOTHROW
    #####:  172:      : __allocator_base<_Tp>(__a) { }
    %%%%%:  172-block  0
call    0 never executed
------------------
_ZNSaIN5Catch8TestSpec15ExcludedPatternEEC2ERKS2_:
function _ZNSaIN5Catch8TestSpec15ExcludedPatternEEC2ERKS2_ called 0 returned 0% blocks executed 0%
    #####:  171:      allocator(const allocator& __a) _GLIBCXX_NOTHROW
    #####:  172:      : __allocator_base<_Tp>(__a) { }
    %%%%%:  172-block  0
call    0 never executed
------------------
_ZNSaIN5Catch8TestSpec15ExcludedPatternEEC1ERKS2_:
function _ZNSaIN5Catch8TestSpec15ExcludedPatternEEC1ERKS2_ called 0 returned 0% blocks executed 0%
    #####:  171:      allocator(const allocator& __a) _GLIBCXX_NOTHROW
    #####:  172:      : __allocator_base<_Tp>(__a) { }
    %%%%%:  172-block  0
call    0 never executed
------------------
_ZNSaIN5Catch8TestSpec10TagPatternEEC2ERKS2_:
function _ZNSaIN5Catch8TestSpec10TagPatternEEC2ERKS2_ called 0 returned 0% blocks executed 0%
    #####:  171:      allocator(const allocator& __a) _GLIBCXX_NOTHROW
    #####:  172:      : __allocator_base<_Tp>(__a) { }
    %%%%%:  172-block  0
call    0 never executed
------------------
_ZNSaIN5Catch8TestSpec10TagPatternEEC1ERKS2_:
function _ZNSaIN5Catch8TestSpec10TagPatternEEC1ERKS2_ called 0 returned 0% blocks executed 0%
    #####:  171:      allocator(const allocator& __a) _GLIBCXX_NOTHROW
    #####:  172:      : __allocator_base<_Tp>(__a) { }
    %%%%%:  172-block  0
call    0 never executed
------------------
_ZNSaIN5Catch5clara6detail15BoundFlagLambdaIZNS1_4HelpC4ERbEUlbE_EEEC2ERKS7_:
function _ZNSaIN5Catch5clara6detail15BoundFlagLambdaIZNS1_4HelpC4ERbEUlbE_EEEC2ERKS7_ called 1 returned 100% blocks executed 100%
        1:  171:      allocator(const allocator& __a) _GLIBCXX_NOTHROW
        1:  172:      : __allocator_base<_Tp>(__a) { }
        1:  172-block  0
call    0 returned 1
------------------
_ZNSaIN5Catch5clara6detail15BoundFlagLambdaIZNS1_4HelpC4ERbEUlbE_EEEC1ERKS7_:
function _ZNSaIN5Catch5clara6detail15BoundFlagLambdaIZNS1_4HelpC4ERbEUlbE_EEEC1ERKS7_ called 2 returned 100% blocks executed 100%
        2:  171:      allocator(const allocator& __a) _GLIBCXX_NOTHROW
        2:  172:      : __allocator_base<_Tp>(__a) { }
        2:  172-block  0
call    0 returned 2
------------------
_ZNSaIN5Catch8TestCaseEEC1ERKS1_:
function _ZNSaIN5Catch8TestCaseEEC1ERKS1_ called 2 returned 100% blocks executed 100%
        2:  171:      allocator(const allocator& __a) _GLIBCXX_NOTHROW
        2:  172:      : __allocator_base<_Tp>(__a) { }
        2:  172-block  0
call    0 returned 2
------------------
_ZNSaIN5Catch5clara8TextFlow6ColumnEEC2ERKS3_:
function _ZNSaIN5Catch5clara8TextFlow6ColumnEEC2ERKS3_ called 0 returned 0% blocks executed 0%
    #####:  171:      allocator(const allocator& __a) _GLIBCXX_NOTHROW
    #####:  172:      : __allocator_base<_Tp>(__a) { }
    %%%%%:  172-block  0
call    0 never executed
------------------
_ZNSaIN5Catch5clara8TextFlow6ColumnEEC1ERKS3_:
function _ZNSaIN5Catch5clara8TextFlow6ColumnEEC1ERKS3_ called 0 returned 0% blocks executed 0%
    #####:  171:      allocator(const allocator& __a) _GLIBCXX_NOTHROW
    #####:  172:      : __allocator_base<_Tp>(__a) { }
    %%%%%:  172-block  0
call    0 never executed
------------------
_ZNSaIN5Catch5clara6detail11HelpColumnsEEC2ERKS3_:
function _ZNSaIN5Catch5clara6detail11HelpColumnsEEC2ERKS3_ called 0 returned 0% blocks executed 0%
    #####:  171:      allocator(const allocator& __a) _GLIBCXX_NOTHROW
    #####:  172:      : __allocator_base<_Tp>(__a) { }
    %%%%%:  172-block  0
call    0 never executed
------------------
_ZNSaIN5Catch5clara6detail11HelpColumnsEEC1ERKS3_:
function _ZNSaIN5Catch5clara6detail11HelpColumnsEEC1ERKS3_ called 0 returned 0% blocks executed 0%
    #####:  171:      allocator(const allocator& __a) _GLIBCXX_NOTHROW
    #####:  172:      : __allocator_base<_Tp>(__a) { }
    %%%%%:  172-block  0
call    0 never executed
------------------
_ZNSaIN5Catch5clara6detail3OptEEC2ERKS3_:
function _ZNSaIN5Catch5clara6detail3OptEEC2ERKS3_ called 67 returned 100% blocks executed 100%
       67:  171:      allocator(const allocator& __a) _GLIBCXX_NOTHROW
       67:  172:      : __allocator_base<_Tp>(__a) { }
       67:  172-block  0
call    0 returned 67
------------------
_ZNSaIN5Catch5clara6detail3OptEEC1ERKS3_:
function _ZNSaIN5Catch5clara6detail3OptEEC1ERKS3_ called 67 returned 100% blocks executed 100%
       67:  171:      allocator(const allocator& __a) _GLIBCXX_NOTHROW
       67:  172:      : __allocator_base<_Tp>(__a) { }
       67:  172-block  0
call    0 returned 67
------------------
_ZNSaIN5Catch5clara6detail3ArgEEC2ERKS3_:
function _ZNSaIN5Catch5clara6detail3ArgEEC2ERKS3_ called 67 returned 100% blocks executed 100%
       67:  171:      allocator(const allocator& __a) _GLIBCXX_NOTHROW
       67:  172:      : __allocator_base<_Tp>(__a) { }
       67:  172-block  0
call    0 returned 67
------------------
_ZNSaIN5Catch5clara6detail3ArgEEC1ERKS3_:
function _ZNSaIN5Catch5clara6detail3ArgEEC1ERKS3_ called 67 returned 100% blocks executed 100%
       67:  171:      allocator(const allocator& __a) _GLIBCXX_NOTHROW
       67:  172:      : __allocator_base<_Tp>(__a) { }
       67:  172-block  0
call    0 returned 67
------------------
_ZNSaINSt7__cxx1112basic_stringIcSt11char_traitsIcESaIcEEEEC2ERKS5_:
function _ZNSaINSt7__cxx1112basic_stringIcSt11char_traitsIcESaIcEEEEC2ERKS5_ called 1575 returned 100% blocks executed 100%
     1575:  171:      allocator(const allocator& __a) _GLIBCXX_NOTHROW
     1575:  172:      : __allocator_base<_Tp>(__a) { }
     1575:  172-block  0
call    0 returned 1575
------------------
_ZNSaINSt7__cxx1112basic_stringIcSt11char_traitsIcESaIcEEEEC1ERKS5_:
function _ZNSaINSt7__cxx1112basic_stringIcSt11char_traitsIcESaIcEEEEC1ERKS5_ called 1101 returned 100% blocks executed 100%
     1101:  171:      allocator(const allocator& __a) _GLIBCXX_NOTHROW
     1101:  172:      : __allocator_base<_Tp>(__a) { }
     1101:  172-block  0
call    0 returned 1101
------------------
_ZNSaIN5Catch8TestCaseEEC2ERKS1_:
function _ZNSaIN5Catch8TestCaseEEC2ERKS1_ called 2 returned 100% blocks executed 100%
        2:  171:      allocator(const allocator& __a) _GLIBCXX_NOTHROW
        2:  172:      : __allocator_base<_Tp>(__a) { }
        2:  172-block  0
call    0 returned 2
------------------
_ZNSaIN5Catch5clara6detail15BoundFlagLambdaIZNS_21makeCommandLineParserERNS_10ConfigDataEEUlbE7_EEEC2ERKS7_:
function _ZNSaIN5Catch5clara6detail15BoundFlagLambdaIZNS_21makeCommandLineParserERNS_10ConfigDataEEUlbE7_EEEC2ERKS7_ called 3 returned 100% blocks executed 100%
        3:  171:      allocator(const allocator& __a) _GLIBCXX_NOTHROW
        3:  172:      : __allocator_base<_Tp>(__a) { }
        3:  172-block  0
call    0 returned 3
------------------
_ZNSaIN5Catch8TestSpec11FilterMatchEEC2ERKS2_:
function _ZNSaIN5Catch8TestSpec11FilterMatchEEC2ERKS2_ called 2 returned 100% blocks executed 100%
        2:  171:      allocator(const allocator& __a) _GLIBCXX_NOTHROW
        2:  172:      : __allocator_base<_Tp>(__a) { }
        2:  172-block  0
call    0 returned 2
------------------
_ZNSaIN5Catch8TestSpec11FilterMatchEEC1ERKS2_:
function _ZNSaIN5Catch8TestSpec11FilterMatchEEC1ERKS2_ called 2 returned 100% blocks executed 100%
        2:  171:      allocator(const allocator& __a) _GLIBCXX_NOTHROW
        2:  172:      : __allocator_base<_Tp>(__a) { }
        2:  172-block  0
call    0 returned 2
------------------
_ZNSaIN5Catch9VerbosityEEC1ERKS1_:
function _ZNSaIN5Catch9VerbosityEEC1ERKS1_ called 1 returned 100% blocks executed 100%
        1:  171:      allocator(const allocator& __a) _GLIBCXX_NOTHROW
        1:  172:      : __allocator_base<_Tp>(__a) { }
        1:  172-block  0
call    0 returned 1
------------------
_ZNSaIN5Catch12_GLOBAL__N_110ColumnInfoEEC2ERKS2_:
function _ZNSaIN5Catch12_GLOBAL__N_110ColumnInfoEEC2ERKS2_ called 3 returned 100% blocks executed 100%
        3:  171:      allocator(const allocator& __a) _GLIBCXX_NOTHROW
        3:  172:      : __allocator_base<_Tp>(__a) { }
        3:  172-block  0
call    0 returned 3
------------------
_ZNSaISt13_Rb_tree_nodeINSt7__cxx1112basic_stringIcSt11char_traitsIcESaIcEEEEEC2ERKS7_:
function _ZNSaISt13_Rb_tree_nodeINSt7__cxx1112basic_stringIcSt11char_traitsIcESaIcEEEEEC2ERKS7_ called 0 returned 0% blocks executed 0%
    #####:  171:      allocator(const allocator& __a) _GLIBCXX_NOTHROW
    #####:  172:      : __allocator_base<_Tp>(__a) { }
    %%%%%:  172-block  0
call    0 never executed
------------------
_ZNSaIN5Catch5clara6detail5TokenEEC2ERKS3_:
function _ZNSaIN5Catch5clara6detail5TokenEEC2ERKS3_ called 4 returned 100% blocks executed 100%
        4:  171:      allocator(const allocator& __a) _GLIBCXX_NOTHROW
        4:  172:      : __allocator_base<_Tp>(__a) { }
        4:  172-block  0
call    0 returned 4
------------------
_ZNSaIN5Catch5clara6detail5TokenEEC1ERKS3_:
function _ZNSaIN5Catch5clara6detail5TokenEEC1ERKS3_ called 4 returned 100% blocks executed 100%
        4:  171:      allocator(const allocator& __a) _GLIBCXX_NOTHROW
        4:  172:      : __allocator_base<_Tp>(__a) { }
        4:  172-block  0
call    0 returned 4
------------------
_ZNSaIN5Catch8TestSpec6FilterEEC2ERKS2_:
function _ZNSaIN5Catch8TestSpec6FilterEEC2ERKS2_ called 2 returned 100% blocks executed 100%
        2:  171:      allocator(const allocator& __a) _GLIBCXX_NOTHROW
        2:  172:      : __allocator_base<_Tp>(__a) { }
        2:  172-block  0
call    0 returned 2
------------------
_ZNSaIN5Catch8TestSpec6FilterEEC1ERKS2_:
function _ZNSaIN5Catch8TestSpec6FilterEEC1ERKS2_ called 2 returned 100% blocks executed 100%
        2:  171:      allocator(const allocator& __a) _GLIBCXX_NOTHROW
        2:  172:      : __allocator_base<_Tp>(__a) { }
        2:  172-block  0
call    0 returned 2
------------------
_ZNSaIN5Catch11MessageInfoEEC2ERKS1_:
function _ZNSaIN5Catch11MessageInfoEEC2ERKS1_ called 2 returned 100% blocks executed 100%
        2:  171:      allocator(const allocator& __a) _GLIBCXX_NOTHROW
        2:  172:      : __allocator_base<_Tp>(__a) { }
        2:  172-block  0
call    0 returned 2
------------------
_ZNSaISt4pairIlSt6vectorINSt7__cxx119sub_matchIN9__gnu_cxx17__normal_iteratorIPKcNS1_12basic_stringIcSt11char_traitsIcESaIcEEEEEEESaISD_EEEEC2ERKSH_:
function _ZNSaISt4pairIlSt6vectorINSt7__cxx119sub_matchIN9__gnu_cxx17__normal_iteratorIPKcNS1_12basic_stringIcSt11char_traitsIcESaIcEEEEEEESaISD_EEEEC2ERKSH_ called 0 returned 0% blocks executed 0%
    #####:  171:      allocator(const allocator& __a) _GLIBCXX_NOTHROW
    #####:  172:      : __allocator_base<_Tp>(__a) { }
    %%%%%:  172-block  0
call    0 never executed
------------------
_ZNSaIN5Catch5clara6detail11BoundLambdaIZNS_21makeCommandLineParserERNS_10ConfigDataEEUlRKNSt7__cxx1112basic_stringIcSt11char_traitsIcESaIcEEEE2_EEEC2ERKSF_:
function _ZNSaIN5Catch5clara6detail11BoundLambdaIZNS_21makeCommandLineParserERNS_10ConfigDataEEUlRKNSt7__cxx1112basic_stringIcSt11char_traitsIcESaIcEEEE2_EEEC2ERKSF_ called 3 returned 100% blocks executed 100%
        3:  171:      allocator(const allocator& __a) _GLIBCXX_NOTHROW
        3:  172:      : __allocator_base<_Tp>(__a) { }
        3:  172-block  0
call    0 returned 3
------------------
_ZNSaIN5Catch5clara6detail11BoundLambdaIZNS_21makeCommandLineParserERNS_10ConfigDataEEUlRKNSt7__cxx1112basic_stringIcSt11char_traitsIcESaIcEEEE3_EEEC2ERKSF_:
function _ZNSaIN5Catch5clara6detail11BoundLambdaIZNS_21makeCommandLineParserERNS_10ConfigDataEEUlRKNSt7__cxx1112basic_stringIcSt11char_traitsIcESaIcEEEE3_EEEC2ERKSF_ called 3 returned 100% blocks executed 100%
        3:  171:      allocator(const allocator& __a) _GLIBCXX_NOTHROW
        3:  172:      : __allocator_base<_Tp>(__a) { }
        3:  172-block  0
call    0 returned 3
------------------
_ZNSaIN5Catch5clara6detail11BoundLambdaIZNS_21makeCommandLineParserERNS_10ConfigDataEEUlRKNSt7__cxx1112basic_stringIcSt11char_traitsIcESaIcEEEE4_EEEC2ERKSF_:
function _ZNSaIN5Catch5clara6detail11BoundLambdaIZNS_21makeCommandLineParserERNS_10ConfigDataEEUlRKNSt7__cxx1112basic_stringIcSt11char_traitsIcESaIcEEEE4_EEEC2ERKSF_ called 3 returned 100% blocks executed 100%
        3:  171:      allocator(const allocator& __a) _GLIBCXX_NOTHROW
        3:  172:      : __allocator_base<_Tp>(__a) { }
        3:  172-block  0
call    0 returned 3
------------------
_ZNSaIN5Catch5clara6detail13BoundValueRefIjEEEC2ERKS4_:
function _ZNSaIN5Catch5clara6detail13BoundValueRefIjEEEC2ERKS4_ called 2 returned 100% blocks executed 100%
        2:  171:      allocator(const allocator& __a) _GLIBCXX_NOTHROW
        2:  172:      : __allocator_base<_Tp>(__a) { }
        2:  172-block  0
call    0 returned 2
------------------
_ZNSaIN5Catch5clara6detail13BoundValueRefIjEEEC1ERKS4_:
function _ZNSaIN5Catch5clara6detail13BoundValueRefIjEEEC1ERKS4_ called 4 returned 100% blocks executed 100%
        4:  171:      allocator(const allocator& __a) _GLIBCXX_NOTHROW
        4:  172:      : __allocator_base<_Tp>(__a) { }
        4:  172-block  0
call    0 returned 4
------------------
_ZNSaIN5Catch5clara6detail13BoundValueRefIxEEEC2ERKS4_:
function _ZNSaIN5Catch5clara6detail13BoundValueRefIxEEEC2ERKS4_ called 1 returned 100% blocks executed 100%
        1:  171:      allocator(const allocator& __a) _GLIBCXX_NOTHROW
        1:  172:      : __allocator_base<_Tp>(__a) { }
        1:  172-block  0
call    0 returned 1
------------------
_ZNSaIN5Catch5clara6detail13BoundValueRefIxEEEC1ERKS4_:
function _ZNSaIN5Catch5clara6detail13BoundValueRefIxEEEC1ERKS4_ called 2 returned 100% blocks executed 100%
        2:  171:      allocator(const allocator& __a) _GLIBCXX_NOTHROW
        2:  172:      : __allocator_base<_Tp>(__a) { }
        2:  172-block  0
call    0 returned 2
------------------
_ZNSaINSt7__cxx119sub_matchIN9__gnu_cxx17__normal_iteratorIPKcNS_12basic_stringIcSt11char_traitsIcESaIcEEEEEEEEC2ERKSC_:
function _ZNSaINSt7__cxx119sub_matchIN9__gnu_cxx17__normal_iteratorIPKcNS_12basic_stringIcSt11char_traitsIcESaIcEEEEEEEEC2ERKSC_ called 0 returned 0% blocks executed 0%
    #####:  171:      allocator(const allocator& __a) _GLIBCXX_NOTHROW
    #####:  172:      : __allocator_base<_Tp>(__a) { }
    %%%%%:  172-block  0
call    0 never executed
------------------
_ZNSaINSt7__cxx119sub_matchIN9__gnu_cxx17__normal_iteratorIPKcNS_12basic_stringIcSt11char_traitsIcESaIcEEEEEEEEC1ERKSC_:
function _ZNSaINSt7__cxx119sub_matchIN9__gnu_cxx17__normal_iteratorIPKcNS_12basic_stringIcSt11char_traitsIcESaIcEEEEEEEEC1ERKSC_ called 0 returned 0% blocks executed 0%
    #####:  171:      allocator(const allocator& __a) _GLIBCXX_NOTHROW
    #####:  172:      : __allocator_base<_Tp>(__a) { }
    %%%%%:  172-block  0
call    0 never executed
------------------
_ZNSaISt4pairIN9__gnu_cxx17__normal_iteratorIPKcNSt7__cxx1112basic_stringIcSt11char_traitsIcESaIcEEEEEiEEC2ERKSC_:
function _ZNSaISt4pairIN9__gnu_cxx17__normal_iteratorIPKcNSt7__cxx1112basic_stringIcSt11char_traitsIcESaIcEEEEEiEEC2ERKSC_ called 0 returned 0% blocks executed 0%
    #####:  171:      allocator(const allocator& __a) _GLIBCXX_NOTHROW
    #####:  172:      : __allocator_base<_Tp>(__a) { }
    %%%%%:  172-block  0
call    0 never executed
------------------
_ZNSaISt4pairIN9__gnu_cxx17__normal_iteratorIPKcNSt7__cxx1112basic_stringIcSt11char_traitsIcESaIcEEEEEiEEC1ERKSC_:
function _ZNSaISt4pairIN9__gnu_cxx17__normal_iteratorIPKcNSt7__cxx1112basic_stringIcSt11char_traitsIcESaIcEEEEEiEEC1ERKSC_ called 0 returned 0% blocks executed 0%
    #####:  171:      allocator(const allocator& __a) _GLIBCXX_NOTHROW
    #####:  172:      : __allocator_base<_Tp>(__a) { }
    %%%%%:  172-block  0
call    0 never executed
------------------
_ZNSaIN5Catch5clara6detail11BoundLambdaIZNS_21makeCommandLineParserERNS_10ConfigDataEEUlRKNSt7__cxx1112basic_stringIcSt11char_traitsIcESaIcEEEE1_EEEC2ERKSF_:
function _ZNSaIN5Catch5clara6detail11BoundLambdaIZNS_21makeCommandLineParserERNS_10ConfigDataEEUlRKNSt7__cxx1112basic_stringIcSt11char_traitsIcESaIcEEEE1_EEEC2ERKSF_ called 3 returned 100% blocks executed 100%
        3:  171:      allocator(const allocator& __a) _GLIBCXX_NOTHROW
        3:  172:      : __allocator_base<_Tp>(__a) { }
        3:  172-block  0
call    0 returned 3
------------------
_ZNSaINSt8__detail4_NFAINSt7__cxx1112regex_traitsIcEEEEEC2ERKS5_:
function _ZNSaINSt8__detail4_NFAINSt7__cxx1112regex_traitsIcEEEEEC2ERKS5_ called 0 returned 0% blocks executed 0%
    #####:  171:      allocator(const allocator& __a) _GLIBCXX_NOTHROW
    #####:  172:      : __allocator_base<_Tp>(__a) { }
    %%%%%:  172-block  0
call    0 never executed
------------------
_ZNSaINSt8__detail4_NFAINSt7__cxx1112regex_traitsIcEEEEEC1ERKS5_:
function _ZNSaINSt8__detail4_NFAINSt7__cxx1112regex_traitsIcEEEEEC1ERKS5_ called 0 returned 0% blocks executed 0%
    #####:  171:      allocator(const allocator& __a) _GLIBCXX_NOTHROW
    #####:  172:      : __allocator_base<_Tp>(__a) { }
    %%%%%:  172-block  0
call    0 never executed
------------------
_ZNSaISt4pairIccEEC2ERKS1_:
function _ZNSaISt4pairIccEEC2ERKS1_ called 0 returned 0% blocks executed 0%
    #####:  171:      allocator(const allocator& __a) _GLIBCXX_NOTHROW
    #####:  172:      : __allocator_base<_Tp>(__a) { }
    %%%%%:  172-block  0
call    0 never executed
------------------
_ZNSaISt4pairIccEEC1ERKS1_:
function _ZNSaISt4pairIccEEC1ERKS1_ called 0 returned 0% blocks executed 0%
    #####:  171:      allocator(const allocator& __a) _GLIBCXX_NOTHROW
    #####:  172:      : __allocator_base<_Tp>(__a) { }
    %%%%%:  172-block  0
call    0 never executed
------------------
_ZNSaINSt7__cxx1112regex_traitsIcE10_RegexMaskEEC2ERKS3_:
function _ZNSaINSt7__cxx1112regex_traitsIcE10_RegexMaskEEC2ERKS3_ called 0 returned 0% blocks executed 0%
    #####:  171:      allocator(const allocator& __a) _GLIBCXX_NOTHROW
    #####:  172:      : __allocator_base<_Tp>(__a) { }
    %%%%%:  172-block  0
call    0 never executed
------------------
_ZNSaINSt7__cxx1112regex_traitsIcE10_RegexMaskEEC1ERKS3_:
function _ZNSaINSt7__cxx1112regex_traitsIcE10_RegexMaskEEC1ERKS3_ called 0 returned 0% blocks executed 0%
    #####:  171:      allocator(const allocator& __a) _GLIBCXX_NOTHROW
    #####:  172:      : __allocator_base<_Tp>(__a) { }
    %%%%%:  172-block  0
call    0 never executed
------------------
_ZNSaISt4pairINSt7__cxx1112basic_stringIcSt11char_traitsIcESaIcEEES5_EEC2ERKS7_:
function _ZNSaISt4pairINSt7__cxx1112basic_stringIcSt11char_traitsIcESaIcEEES5_EEC2ERKS7_ called 0 returned 0% blocks executed 0%
    #####:  171:      allocator(const allocator& __a) _GLIBCXX_NOTHROW
    #####:  172:      : __allocator_base<_Tp>(__a) { }
    %%%%%:  172-block  0
call    0 never executed
------------------
_ZNSaISt4pairINSt7__cxx1112basic_stringIcSt11char_traitsIcESaIcEEES5_EEC1ERKS7_:
function _ZNSaISt4pairINSt7__cxx1112basic_stringIcSt11char_traitsIcESaIcEEES5_EEC1ERKS7_ called 0 returned 0% blocks executed 0%
    #####:  171:      allocator(const allocator& __a) _GLIBCXX_NOTHROW
    #####:  172:      : __allocator_base<_Tp>(__a) { }
    %%%%%:  172-block  0
call    0 never executed
------------------
_ZNSaIN5Catch22CumulativeReporterBaseINS_13JunitReporterEE11SectionNodeEEC2ERKS4_:
function _ZNSaIN5Catch22CumulativeReporterBaseINS_13JunitReporterEE11SectionNodeEEC2ERKS4_ called 0 returned 0% blocks executed 0%
    #####:  171:      allocator(const allocator& __a) _GLIBCXX_NOTHROW
    #####:  172:      : __allocator_base<_Tp>(__a) { }
    %%%%%:  172-block  0
call    0 never executed
------------------
_ZNSaIN5Catch22CumulativeReporterBaseINS_13JunitReporterEE11SectionNodeEEC1ERKS4_:
function _ZNSaIN5Catch22CumulativeReporterBaseINS_13JunitReporterEE11SectionNodeEEC1ERKS4_ called 0 returned 0% blocks executed 0%
    #####:  171:      allocator(const allocator& __a) _GLIBCXX_NOTHROW
    #####:  172:      : __allocator_base<_Tp>(__a) { }
    %%%%%:  172-block  0
call    0 never executed
------------------
_ZNSaIN5Catch22CumulativeReporterBaseINS_13JunitReporterEE4NodeINS_12TestRunStatsENS3_INS_14TestGroupStatsENS3_INS_13TestCaseStatsENS2_11SectionNodeEEEEEEEEC2ERKSB_:
function _ZNSaIN5Catch22CumulativeReporterBaseINS_13JunitReporterEE4NodeINS_12TestRunStatsENS3_INS_14TestGroupStatsENS3_INS_13TestCaseStatsENS2_11SectionNodeEEEEEEEEC2ERKSB_ called 0 returned 0% blocks executed 0%
    #####:  171:      allocator(const allocator& __a) _GLIBCXX_NOTHROW
    #####:  172:      : __allocator_base<_Tp>(__a) { }
    %%%%%:  172-block  0
call    0 never executed
------------------
_ZNSaIN5Catch17ReporterRegistrarINS_13JunitReporterEE15ReporterFactoryEEC1ERKS4_:
function _ZNSaIN5Catch17ReporterRegistrarINS_13JunitReporterEE15ReporterFactoryEEC1ERKS4_ called 2 returned 100% blocks executed 100%
        2:  171:      allocator(const allocator& __a) _GLIBCXX_NOTHROW
        2:  172:      : __allocator_base<_Tp>(__a) { }
        2:  172-block  0
call    0 returned 2
------------------
_ZNSaIN5Catch5clara6detail13BoundValueRefISt6vectorINSt7__cxx1112basic_stringIcSt11char_traitsIcESaIcEEESaIS9_EEEEEC2ERKSD_:
function _ZNSaIN5Catch5clara6detail13BoundValueRefISt6vectorINSt7__cxx1112basic_stringIcSt11char_traitsIcESaIcEEESaIS9_EEEEEC2ERKSD_ called 2 returned 100% blocks executed 100%
        2:  171:      allocator(const allocator& __a) _GLIBCXX_NOTHROW
        2:  172:      : __allocator_base<_Tp>(__a) { }
        2:  172-block  0
call    0 returned 2
------------------
_ZNSaIN5Catch5clara6detail13BoundValueRefISt6vectorINSt7__cxx1112basic_stringIcSt11char_traitsIcESaIcEEESaIS9_EEEEEC1ERKSD_:
function _ZNSaIN5Catch5clara6detail13BoundValueRefISt6vectorINSt7__cxx1112basic_stringIcSt11char_traitsIcESaIcEEESaIS9_EEEEEC1ERKSD_ called 4 returned 100% blocks executed 100%
        4:  171:      allocator(const allocator& __a) _GLIBCXX_NOTHROW
        4:  172:      : __allocator_base<_Tp>(__a) { }
        4:  172-block  0
call    0 returned 4
------------------
_ZNSaIN5Catch17ReporterRegistrarINS_15CompactReporterEE15ReporterFactoryEEC2ERKS4_:
function _ZNSaIN5Catch17ReporterRegistrarINS_15CompactReporterEE15ReporterFactoryEEC2ERKS4_ called 1 returned 100% blocks executed 100%
        1:  171:      allocator(const allocator& __a) _GLIBCXX_NOTHROW
        1:  172:      : __allocator_base<_Tp>(__a) { }
        1:  172-block  0
call    0 returned 1
------------------
_ZNSaIN5Catch17ReporterRegistrarINS_15CompactReporterEE15ReporterFactoryEEC1ERKS4_:
function _ZNSaIN5Catch17ReporterRegistrarINS_15CompactReporterEE15ReporterFactoryEEC1ERKS4_ called 2 returned 100% blocks executed 100%
        2:  171:      allocator(const allocator& __a) _GLIBCXX_NOTHROW
        2:  172:      : __allocator_base<_Tp>(__a) { }
        2:  172-block  0
call    0 returned 2
------------------
_ZNSaIN5Catch17ReporterRegistrarINS_15ConsoleReporterEE15ReporterFactoryEEC2ERKS4_:
function _ZNSaIN5Catch17ReporterRegistrarINS_15ConsoleReporterEE15ReporterFactoryEEC2ERKS4_ called 1 returned 100% blocks executed 100%
        1:  171:      allocator(const allocator& __a) _GLIBCXX_NOTHROW
        1:  172:      : __allocator_base<_Tp>(__a) { }
        1:  172-block  0
call    0 returned 1
------------------
_ZNSaIN5Catch17ReporterRegistrarINS_15ConsoleReporterEE15ReporterFactoryEEC1ERKS4_:
function _ZNSaIN5Catch17ReporterRegistrarINS_15ConsoleReporterEE15ReporterFactoryEEC1ERKS4_ called 2 returned 100% blocks executed 100%
        2:  171:      allocator(const allocator& __a) _GLIBCXX_NOTHROW
        2:  172:      : __allocator_base<_Tp>(__a) { }
        2:  172-block  0
call    0 returned 2
------------------
_ZNSaIN5Catch22CumulativeReporterBaseINS_13JunitReporterEE4NodeINS_13TestCaseStatsENS2_11SectionNodeEEEEC2ERKS7_:
function _ZNSaIN5Catch22CumulativeReporterBaseINS_13JunitReporterEE4NodeINS_13TestCaseStatsENS2_11SectionNodeEEEEC2ERKS7_ called 0 returned 0% blocks executed 0%
    #####:  171:      allocator(const allocator& __a) _GLIBCXX_NOTHROW
    #####:  172:      : __allocator_base<_Tp>(__a) { }
    %%%%%:  172-block  0
call    0 never executed
------------------
_ZNSaIN5Catch22CumulativeReporterBaseINS_13JunitReporterEE4NodeINS_13TestCaseStatsENS2_11SectionNodeEEEEC1ERKS7_:
function _ZNSaIN5Catch22CumulativeReporterBaseINS_13JunitReporterEE4NodeINS_13TestCaseStatsENS2_11SectionNodeEEEEC1ERKS7_ called 0 returned 0% blocks executed 0%
    #####:  171:      allocator(const allocator& __a) _GLIBCXX_NOTHROW
    #####:  172:      : __allocator_base<_Tp>(__a) { }
    %%%%%:  172-block  0
call    0 never executed
------------------
_ZNSaIN5Catch22CumulativeReporterBaseINS_13JunitReporterEE4NodeINS_14TestGroupStatsENS3_INS_13TestCaseStatsENS2_11SectionNodeEEEEEEC2ERKS9_:
function _ZNSaIN5Catch22CumulativeReporterBaseINS_13JunitReporterEE4NodeINS_14TestGroupStatsENS3_INS_13TestCaseStatsENS2_11SectionNodeEEEEEEC2ERKS9_ called 0 returned 0% blocks executed 0%
    #####:  171:      allocator(const allocator& __a) _GLIBCXX_NOTHROW
    #####:  172:      : __allocator_base<_Tp>(__a) { }
    %%%%%:  172-block  0
call    0 never executed
------------------
_ZNSaIN5Catch22CumulativeReporterBaseINS_13JunitReporterEE4NodeINS_14TestGroupStatsENS3_INS_13TestCaseStatsENS2_11SectionNodeEEEEEEC1ERKS9_:
function _ZNSaIN5Catch22CumulativeReporterBaseINS_13JunitReporterEE4NodeINS_14TestGroupStatsENS3_INS_13TestCaseStatsENS2_11SectionNodeEEEEEEC1ERKS9_ called 0 returned 0% blocks executed 0%
    #####:  171:      allocator(const allocator& __a) _GLIBCXX_NOTHROW
    #####:  172:      : __allocator_base<_Tp>(__a) { }
    %%%%%:  172-block  0
call    0 never executed
------------------
_ZNSaIN5Catch17ReporterRegistrarINS_13JunitReporterEE15ReporterFactoryEEC2ERKS4_:
function _ZNSaIN5Catch17ReporterRegistrarINS_13JunitReporterEE15ReporterFactoryEEC2ERKS4_ called 1 returned 100% blocks executed 100%
        1:  171:      allocator(const allocator& __a) _GLIBCXX_NOTHROW
        1:  172:      : __allocator_base<_Tp>(__a) { }
        1:  172-block  0
call    0 returned 1
------------------
_ZNSaIN5Catch22CumulativeReporterBaseINS_13JunitReporterEE4NodeINS_12TestRunStatsENS3_INS_14TestGroupStatsENS3_INS_13TestCaseStatsENS2_11SectionNodeEEEEEEEEC1ERKSB_:
function _ZNSaIN5Catch22CumulativeReporterBaseINS_13JunitReporterEE4NodeINS_12TestRunStatsENS3_INS_14TestGroupStatsENS3_INS_13TestCaseStatsENS2_11SectionNodeEEEEEEEEC1ERKSB_ called 0 returned 0% blocks executed 0%
    #####:  171:      allocator(const allocator& __a) _GLIBCXX_NOTHROW
    #####:  172:      : __allocator_base<_Tp>(__a) { }
    %%%%%:  172-block  0
call    0 never executed
------------------
_ZNSaIN5Catch17ReporterRegistrarINS_11XmlReporterEE15ReporterFactoryEEC2ERKS4_:
function _ZNSaIN5Catch17ReporterRegistrarINS_11XmlReporterEE15ReporterFactoryEEC2ERKS4_ called 1 returned 100% blocks executed 100%
        1:  171:      allocator(const allocator& __a) _GLIBCXX_NOTHROW
        1:  172:      : __allocator_base<_Tp>(__a) { }
        1:  172-block  0
call    0 returned 1
------------------
_ZNSaIN5Catch17ReporterRegistrarINS_11XmlReporterEE15ReporterFactoryEEC1ERKS4_:
function _ZNSaIN5Catch17ReporterRegistrarINS_11XmlReporterEE15ReporterFactoryEEC1ERKS4_ called 2 returned 100% blocks executed 100%
        2:  171:      allocator(const allocator& __a) _GLIBCXX_NOTHROW
        2:  172:      : __allocator_base<_Tp>(__a) { }
        2:  172-block  0
call    0 returned 2
------------------
_ZNSaIN5Catch5clara6detail11BoundLambdaIZNS_21makeCommandLineParserERNS_10ConfigDataEEUlRKNSt7__cxx1112basic_stringIcSt11char_traitsIcESaIcEEEE6_EEEC2ERKSF_:
function _ZNSaIN5Catch5clara6detail11BoundLambdaIZNS_21makeCommandLineParserERNS_10ConfigDataEEUlRKNSt7__cxx1112basic_stringIcSt11char_traitsIcESaIcEEEE6_EEEC2ERKSF_ called 3 returned 100% blocks executed 100%
        3:  171:      allocator(const allocator& __a) _GLIBCXX_NOTHROW
        3:  172:      : __allocator_base<_Tp>(__a) { }
        3:  172-block  0
call    0 returned 3
------------------
_ZNSaIN5Catch5clara6detail11BoundLambdaIZNS_21makeCommandLineParserERNS_10ConfigDataEEUliE8_EEEC2ERKS7_:
function _ZNSaIN5Catch5clara6detail11BoundLambdaIZNS_21makeCommandLineParserERNS_10ConfigDataEEUliE8_EEEC2ERKS7_ called 3 returned 100% blocks executed 100%
        3:  171:      allocator(const allocator& __a) _GLIBCXX_NOTHROW
        3:  172:      : __allocator_base<_Tp>(__a) { }
        3:  172-block  0
call    0 returned 3
------------------
_ZNSaIN5Catch5clara6detail11BoundLambdaIZNS_21makeCommandLineParserERNS_10ConfigDataEEUlRKNSt7__cxx1112basic_stringIcSt11char_traitsIcESaIcEEEE_EEEC2ERKSF_:
function _ZNSaIN5Catch5clara6detail11BoundLambdaIZNS_21makeCommandLineParserERNS_10ConfigDataEEUlRKNSt7__cxx1112basic_stringIcSt11char_traitsIcESaIcEEEE_EEEC2ERKSF_ called 3 returned 100% blocks executed 100%
        3:  171:      allocator(const allocator& __a) _GLIBCXX_NOTHROW
        3:  172:      : __allocator_base<_Tp>(__a) { }
        3:  172-block  0
call    0 returned 3
------------------
_ZNSaIN5Catch5clara6detail11BoundLambdaIZNS_21makeCommandLineParserERNS_10ConfigDataEEUlbE9_EEEC2ERKS7_:
function _ZNSaIN5Catch5clara6detail11BoundLambdaIZNS_21makeCommandLineParserERNS_10ConfigDataEEUlbE9_EEEC2ERKS7_ called 3 returned 100% blocks executed 100%
        3:  171:      allocator(const allocator& __a) _GLIBCXX_NOTHROW
        3:  172:      : __allocator_base<_Tp>(__a) { }
        3:  172-block  0
call    0 returned 3
------------------
_ZNSaIN5Catch5clara6detail13BoundValueRefIdEEEC2ERKS4_:
function _ZNSaIN5Catch5clara6detail13BoundValueRefIdEEEC2ERKS4_ called 2 returned 100% blocks executed 100%
        2:  171:      allocator(const allocator& __a) _GLIBCXX_NOTHROW
        2:  172:      : __allocator_base<_Tp>(__a) { }
        2:  172-block  0
call    0 returned 2
------------------
_ZNSaIN5Catch5clara6detail13BoundValueRefIdEEEC1ERKS4_:
function _ZNSaIN5Catch5clara6detail13BoundValueRefIdEEEC1ERKS4_ called 4 returned 100% blocks executed 100%
        4:  171:      allocator(const allocator& __a) _GLIBCXX_NOTHROW
        4:  172:      : __allocator_base<_Tp>(__a) { }
        4:  172-block  0
call    0 returned 4
------------------
_ZNSaIN5Catch5clara6detail11BoundLambdaIZNS_21makeCommandLineParserERNS_10ConfigDataEEUlRKNSt7__cxx1112basic_stringIcSt11char_traitsIcESaIcEEEE0_EEEC2ERKSF_:
function _ZNSaIN5Catch5clara6detail11BoundLambdaIZNS_21makeCommandLineParserERNS_10ConfigDataEEUlRKNSt7__cxx1112basic_stringIcSt11char_traitsIcESaIcEEEE0_EEEC2ERKSF_ called 3 returned 100% blocks executed 100%
        3:  171:      allocator(const allocator& __a) _GLIBCXX_NOTHROW
        3:  172:      : __allocator_base<_Tp>(__a) { }
        3:  172-block  0
call    0 returned 3
------------------
_ZNSaIN5Catch5clara6detail11BoundLambdaIZNS_21makeCommandLineParserERNS_10ConfigDataEEUlRKNSt7__cxx1112basic_stringIcSt11char_traitsIcESaIcEEEE5_EEEC2ERKSF_:
function _ZNSaIN5Catch5clara6detail11BoundLambdaIZNS_21makeCommandLineParserERNS_10ConfigDataEEUlRKNSt7__cxx1112basic_stringIcSt11char_traitsIcESaIcEEEE5_EEEC2ERKSF_ called 3 returned 100% blocks executed 100%
        3:  171:      allocator(const allocator& __a) _GLIBCXX_NOTHROW
        3:  172:      : __allocator_base<_Tp>(__a) { }
        3:  172-block  0
call    0 returned 3
------------------
        -:  173:
        -:  174:#if __cplusplus >= 201103L
        -:  175:      // Avoid implicit deprecation.
        -:  176:      allocator& operator=(const allocator&) = default;
        -:  177:#endif
        -:  178:
        -:  179:      template<typename _Tp1>
        -:  180:	_GLIBCXX20_CONSTEXPR
     127*:  181:	allocator(const allocator<_Tp1>&) _GLIBCXX_NOTHROW { }
------------------
_ZNSaISt23_Sp_counted_ptr_inplaceIN5Catch8TestSpec11NamePatternESaIS2_ELN9__gnu_cxx12_Lock_policyE2EEEC1IS2_EERKSaIT_E:
function _ZNSaISt23_Sp_counted_ptr_inplaceIN5Catch8TestSpec11NamePatternESaIS2_ELN9__gnu_cxx12_Lock_policyE2EEEC1IS2_EERKSaIT_E called 0 returned 0% blocks executed 0%
    #####:  181:	allocator(const allocator<_Tp1>&) _GLIBCXX_NOTHROW { }
    %%%%%:  181-block  0
call    0 never executed
------------------
_ZNSaISt23_Sp_counted_ptr_inplaceIN5Catch22CumulativeReporterBaseINS0_13JunitReporterEE4NodeINS0_14TestGroupStatsENS4_INS0_13TestCaseStatsENS3_11SectionNodeEEEEESaIS9_ELN9__gnu_cxx12_Lock_policyE2EEEC1IS9_EERKSaIT_E:
function _ZNSaISt23_Sp_counted_ptr_inplaceIN5Catch22CumulativeReporterBaseINS0_13JunitReporterEE4NodeINS0_14TestGroupStatsENS4_INS0_13TestCaseStatsENS3_11SectionNodeEEEEESaIS9_ELN9__gnu_cxx12_Lock_policyE2EEEC1IS9_EERKSaIT_E called 0 returned 0% blocks executed 0%
    #####:  181:	allocator(const allocator<_Tp1>&) _GLIBCXX_NOTHROW { }
    %%%%%:  181-block  0
call    0 never executed
------------------
_ZNSaISt23_Sp_counted_ptr_inplaceIN5Catch22CumulativeReporterBaseINS0_13JunitReporterEE4NodeINS0_13TestCaseStatsENS3_11SectionNodeEEESaIS7_ELN9__gnu_cxx12_Lock_policyE2EEEC1IS7_EERKSaIT_E:
function _ZNSaISt23_Sp_counted_ptr_inplaceIN5Catch22CumulativeReporterBaseINS0_13JunitReporterEE4NodeINS0_13TestCaseStatsENS3_11SectionNodeEEESaIS7_ELN9__gnu_cxx12_Lock_policyE2EEEC1IS7_EERKSaIT_E called 0 returned 0% blocks executed 0%
    #####:  181:	allocator(const allocator<_Tp1>&) _GLIBCXX_NOTHROW { }
    %%%%%:  181-block  0
call    0 never executed
------------------
_ZNSaISt23_Sp_counted_ptr_inplaceIN5Catch17ReporterRegistrarINS0_15ConsoleReporterEE15ReporterFactoryESaIS4_ELN9__gnu_cxx12_Lock_policyE2EEEC1IS4_EERKSaIT_E:
function _ZNSaISt23_Sp_counted_ptr_inplaceIN5Catch17ReporterRegistrarINS0_15ConsoleReporterEE15ReporterFactoryESaIS4_ELN9__gnu_cxx12_Lock_policyE2EEEC1IS4_EERKSaIT_E called 2 returned 100% blocks executed 100%
        2:  181:	allocator(const allocator<_Tp1>&) _GLIBCXX_NOTHROW { }
        2:  181-block  0
call    0 returned 2
------------------
_ZNSaISt23_Sp_counted_ptr_inplaceIN5Catch17ReporterRegistrarINS0_15CompactReporterEE15ReporterFactoryESaIS4_ELN9__gnu_cxx12_Lock_policyE2EEEC1IS4_EERKSaIT_E:
function _ZNSaISt23_Sp_counted_ptr_inplaceIN5Catch17ReporterRegistrarINS0_15CompactReporterEE15ReporterFactoryESaIS4_ELN9__gnu_cxx12_Lock_policyE2EEEC1IS4_EERKSaIT_E called 2 returned 100% blocks executed 100%
        2:  181:	allocator(const allocator<_Tp1>&) _GLIBCXX_NOTHROW { }
        2:  181-block  0
call    0 returned 2
------------------
_ZNSaISt23_Sp_counted_ptr_inplaceIN5Catch5clara6detail13BoundValueRefISt6vectorINSt7__cxx1112basic_stringIcSt11char_traitsIcESaIcEEESaISA_EEEESaISD_ELN9__gnu_cxx12_Lock_policyE2EEEC1ISD_EERKSaIT_E:
function _ZNSaISt23_Sp_counted_ptr_inplaceIN5Catch5clara6detail13BoundValueRefISt6vectorINSt7__cxx1112basic_stringIcSt11char_traitsIcESaIcEEESaISA_EEEESaISD_ELN9__gnu_cxx12_Lock_policyE2EEEC1ISD_EERKSaIT_E called 4 returned 100% blocks executed 100%
        4:  181:	allocator(const allocator<_Tp1>&) _GLIBCXX_NOTHROW { }
        4:  181-block  0
call    0 returned 4
------------------
_ZNSaISt23_Sp_counted_ptr_inplaceIN5Catch5clara6detail15BoundFlagLambdaIZNS0_21makeCommandLineParserERNS0_10ConfigDataEEUlbE7_EESaIS7_ELN9__gnu_cxx12_Lock_policyE2EEEC2IS7_EERKSaIT_E:
function _ZNSaISt23_Sp_counted_ptr_inplaceIN5Catch5clara6detail15BoundFlagLambdaIZNS0_21makeCommandLineParserERNS0_10ConfigDataEEUlbE7_EESaIS7_ELN9__gnu_cxx12_Lock_policyE2EEEC2IS7_EERKSaIT_E called 2 returned 100% blocks executed 100%
[...]
call   180 never executed
branch 181 never executed
branch 182 never executed
        2:  205-block 61
call   183 returned 2
branch 184 taken 0 (fallthrough)
branch 185 taken 2
    %%%%%:  205-block 62
call   186 never executed
branch 187 never executed
branch 188 never executed
    %%%%%:  205-block 63
call   189 never executed
branch 190 never executed
branch 191 never executed
    %%%%%:  205-block 64
call   192 never executed
branch 193 never executed
branch 194 never executed
    %%%%%:  205-block 65
call   195 never executed
branch 196 never executed
branch 197 never executed
    %%%%%:  205-block 66
call   198 never executed
branch 199 never executed
branch 200 never executed
    %%%%%:  205-block 67
call   201 never executed
branch 202 never executed
branch 203 never executed
    %%%%%:  205-block 68
call   204 never executed
branch 205 never executed
branch 206 never executed
        1:  205-block 69
call   207 returned 1
branch 208 taken 0 (fallthrough)
branch 209 taken 1
    %%%%%:  205-block 70
call   210 never executed
branch 211 never executed
branch 212 never executed
    %%%%%:  205-block 71
call   213 never executed
branch 214 never executed
branch 215 never executed
       14:  205-block 72
call   216 returned 14
branch 217 taken 0 (fallthrough)
branch 218 taken 14
    %%%%%:  205-block 73
call   219 never executed
branch 220 never executed
branch 221 never executed
        4:  205-block 74
call   222 returned 4
branch 223 taken 0 (fallthrough)
branch 224 taken 4
        1:  205-block 75
call   225 returned 1
branch 226 taken 0 (fallthrough)
branch 227 taken 1
    %%%%%:  205-block 76
call   228 never executed
branch 229 never executed
branch 230 never executed
        1:  205-block 77
call   231 returned 1
branch 232 taken 0 (fallthrough)
branch 233 taken 1
    %%%%%:  205-block 78
call   234 never executed
branch 235 never executed
branch 236 never executed
    %%%%%:  205-block 79
call   237 never executed
branch 238 never executed
branch 239 never executed
    %%%%%:  205-block 80
call   240 never executed
branch 241 never executed
branch 242 never executed
    %%%%%:  205-block 81
call   243 never executed
branch 244 never executed
branch 245 never executed
    %%%%%:  205-block 82
call   246 never executed
branch 247 never executed
branch 248 never executed
    %%%%%:  205-block 83
call   249 never executed
branch 250 never executed
branch 251 never executed
    %%%%%:  205-block 84
call   252 never executed
branch 253 never executed
branch 254 never executed
        2:  205-block 85
call   255 returned 2
branch 256 taken 0 (fallthrough)
branch 257 taken 2
       94:  205-block 86
call   258 returned 94
branch 259 taken 0 (fallthrough)
branch 260 taken 94
    %%%%%:  205-block 87
call   261 never executed
branch 262 never executed
branch 263 never executed
    %%%%%:  205-block 88
call   264 never executed
branch 265 never executed
branch 266 never executed
    %%%%%:  205-block 89
call   267 never executed
branch 268 never executed
branch 269 never executed
    %%%%%:  205-block 90
call   270 never executed
branch 271 never executed
branch 272 never executed
     1105:  205-block 91
call   273 returned 1105
branch 274 taken 0 (fallthrough)
branch 275 taken 1105
     1403:  205-block 92
call   276 returned 1403
branch 277 taken 0 (fallthrough)
branch 278 taken 1403
        -:  206:	  {
    #####:  207:	    ::operator delete(__p);
    %%%%%:  207-block  0
call    0 never executed
    %%%%%:  207-block  1
call    1 never executed
    %%%%%:  207-block  2
call    2 never executed
    %%%%%:  207-block  3
call    3 never executed
    %%%%%:  207-block  4
call    4 never executed
    %%%%%:  207-block  5
call    5 never executed
    %%%%%:  207-block  6
call    6 never executed
    %%%%%:  207-block  7
call    7 never executed
    %%%%%:  207-block  8
call    8 never executed
    %%%%%:  207-block  9
call    9 never executed
    %%%%%:  207-block 10
call   10 never executed
    %%%%%:  207-block 11
call   11 never executed
    %%%%%:  207-block 12
call   12 never executed
    %%%%%:  207-block 13
call   13 never executed
    %%%%%:  207-block 14
call   14 never executed
    %%%%%:  207-block 15
call   15 never executed
    %%%%%:  207-block 16
call   16 never executed
    %%%%%:  207-block 17
call   17 never executed
    %%%%%:  207-block 18
call   18 never executed
    %%%%%:  207-block 19
call   19 never executed
    %%%%%:  207-block 20
call   20 never executed
    %%%%%:  207-block 21
call   21 never executed
    %%%%%:  207-block 22
call   22 never executed
    %%%%%:  207-block 23
call   23 never executed
    %%%%%:  207-block 24
call   24 never executed
    %%%%%:  207-block 25
call   25 never executed
    %%%%%:  207-block 26
call   26 never executed
    %%%%%:  207-block 27
call   27 never executed
    %%%%%:  207-block 28
call   28 never executed
    %%%%%:  207-block 29
call   29 never executed
    %%%%%:  207-block 30
call   30 never executed
    %%%%%:  207-block 31
call   31 never executed
    %%%%%:  207-block 32
call   32 never executed
    %%%%%:  207-block 33
call   33 never executed
    %%%%%:  207-block 34
call   34 never executed
    %%%%%:  207-block 35
call   35 never executed
    %%%%%:  207-block 36
call   36 never executed
    %%%%%:  207-block 37
call   37 never executed
    %%%%%:  207-block 38
call   38 never executed
    %%%%%:  207-block 39
call   39 never executed
    %%%%%:  207-block 40
call   40 never executed
    %%%%%:  207-block 41
call   41 never executed
    %%%%%:  207-block 42
call   42 never executed
    %%%%%:  207-block 43
call   43 never executed
    %%%%%:  207-block 44
call   44 never executed
    %%%%%:  207-block 45
call   45 never executed
    %%%%%:  207-block 46
call   46 never executed
    %%%%%:  207-block 47
call   47 never executed
    %%%%%:  207-block 48
call   48 never executed
    %%%%%:  207-block 49
call   49 never executed
    %%%%%:  207-block 50
call   50 never executed
    %%%%%:  207-block 51
call   51 never executed
    %%%%%:  207-block 52
call   52 never executed
    %%%%%:  207-block 53
call   53 never executed
    %%%%%:  207-block 54
call   54 never executed
    %%%%%:  207-block 55
call   55 never executed
    %%%%%:  207-block 56
call   56 never executed
    %%%%%:  207-block 57
call   57 never executed
    %%%%%:  207-block 58
call   58 never executed
    %%%%%:  207-block 59
call   59 never executed
    %%%%%:  207-block 60
call   60 never executed
    %%%%%:  207-block 61
call   61 never executed
    %%%%%:  207-block 62
call   62 never executed
    %%%%%:  207-block 63
call   63 never executed
    %%%%%:  207-block 64
call   64 never executed
    %%%%%:  207-block 65
call   65 never executed
    %%%%%:  207-block 66
call   66 never executed
    %%%%%:  207-block 67
call   67 never executed
    %%%%%:  207-block 68
call   68 never executed
    %%%%%:  207-block 69
call   69 never executed
    %%%%%:  207-block 70
call   70 never executed
    %%%%%:  207-block 71
call   71 never executed
    %%%%%:  207-block 72
call   72 never executed
    %%%%%:  207-block 73
call   73 never executed
    %%%%%:  207-block 74
call   74 never executed
    %%%%%:  207-block 75
call   75 never executed
    %%%%%:  207-block 76
call   76 never executed
    %%%%%:  207-block 77
call   77 never executed
    %%%%%:  207-block 78
call   78 never executed
    %%%%%:  207-block 79
call   79 never executed
    %%%%%:  207-block 80
call   80 never executed
    %%%%%:  207-block 81
call   81 never executed
    %%%%%:  207-block 82
call   82 never executed
    %%%%%:  207-block 83
call   83 never executed
    %%%%%:  207-block 84
call   84 never executed
    %%%%%:  207-block 85
call   85 never executed
    %%%%%:  207-block 86
call   86 never executed
    %%%%%:  207-block 87
call   87 never executed
    %%%%%:  207-block 88
call   88 never executed
    %%%%%:  207-block 89
call   89 never executed
    %%%%%:  207-block 90
call   90 never executed
    %%%%%:  207-block 91
call   91 never executed
    %%%%%:  207-block 92
call   92 never executed
    #####:  208:	    return;
        -:  209:	  }
        -:  210:#endif
    2701*:  211:	  __allocator_base<_Tp>::deallocate(__p, __n);
    %%%%%:  211-block  0
call    0 never executed
    %%%%%:  211-block  1
call    1 never executed
    %%%%%:  211-block  2
call    2 never executed
    %%%%%:  211-block  3
call    3 never executed
    %%%%%:  211-block  4
call    4 never executed
    %%%%%:  211-block  5
call    5 never executed
    %%%%%:  211-block  6
call    6 never executed
    %%%%%:  211-block  7
call    7 never executed
    %%%%%:  211-block  8
call    8 never executed
    %%%%%:  211-block  9
call    9 never executed
    %%%%%:  211-block 10
call   10 never executed
        1:  211-block 11
call   11 returned 1
        2:  211-block 12
call   12 returned 2
        1:  211-block 13
call   13 returned 1
        1:  211-block 14
call   14 returned 1
        1:  211-block 15
call   15 returned 1
        1:  211-block 16
call   16 returned 1
        1:  211-block 17
call   17 returned 1
        1:  211-block 18
call   18 returned 1
        2:  211-block 19
call   19 returned 2
        1:  211-block 20
call   20 returned 1
        1:  211-block 21
call   21 returned 1
        1:  211-block 22
call   22 returned 1
        1:  211-block 23
call   23 returned 1
        1:  211-block 24
call   24 returned 1
        1:  211-block 25
call   25 returned 1
    %%%%%:  211-block 26
call   26 never executed
    %%%%%:  211-block 27
call   27 never executed
        1:  211-block 28
call   28 returned 1
        1:  211-block 29
call   29 returned 1
    %%%%%:  211-block 30
call   30 never executed
    %%%%%:  211-block 31
call   31 never executed
    %%%%%:  211-block 32
call   32 never executed
        2:  211-block 33
call   33 returned 2
        1:  211-block 34
call   34 returned 1
        1:  211-block 35
call   35 returned 1
    %%%%%:  211-block 36
call   36 never executed
    %%%%%:  211-block 37
call   37 never executed
    %%%%%:  211-block 38
call   38 never executed
       22:  211-block 39
call   39 returned 22
        1:  211-block 40
call   40 returned 1
    %%%%%:  211-block 41
call   41 never executed
       11:  211-block 42
call   42 returned 11
        3:  211-block 43
call   43 returned 3
        3:  211-block 44
call   44 returned 3
    %%%%%:  211-block 45
call   45 never executed
        1:  211-block 46
call   46 returned 1
        3:  211-block 47
call   47 returned 3
    %%%%%:  211-block 48
call   48 never executed
    %%%%%:  211-block 49
call   49 never executed
        3:  211-block 50
call   50 returned 3
        4:  211-block 51
call   51 returned 4
    %%%%%:  211-block 52
call   52 never executed
    %%%%%:  211-block 53
call   53 never executed
    %%%%%:  211-block 54
call   54 never executed
    %%%%%:  211-block 55
call   55 never executed
    %%%%%:  211-block 56
call   56 never executed
    %%%%%:  211-block 57
call   57 never executed
    %%%%%:  211-block 58
call   58 never executed
    %%%%%:  211-block 59
call   59 never executed
    %%%%%:  211-block 60
call   60 never executed
        2:  211-block 61
call   61 returned 2
    %%%%%:  211-block 62
call   62 never executed
    %%%%%:  211-block 63
call   63 never executed
    %%%%%:  211-block 64
call   64 never executed
    %%%%%:  211-block 65
call   65 never executed
    %%%%%:  211-block 66
call   66 never executed
    %%%%%:  211-block 67
call   67 never executed
    %%%%%:  211-block 68
call   68 never executed
        1:  211-block 69
call   69 returned 1
    %%%%%:  211-block 70
call   70 never executed
    %%%%%:  211-block 71
call   71 never executed
       14:  211-block 72
call   72 returned 14
    %%%%%:  211-block 73
call   73 never executed
        4:  211-block 74
call   74 returned 4
        1:  211-block 75
call   75 returned 1
    %%%%%:  211-block 76
call   76 never executed
        1:  211-block 77
call   77 returned 1
    %%%%%:  211-block 78
call   78 never executed
    %%%%%:  211-block 79
call   79 never executed
    %%%%%:  211-block 80
call   80 never executed
    %%%%%:  211-block 81
call   81 never executed
    %%%%%:  211-block 82
call   82 never executed
    %%%%%:  211-block 83
call   83 never executed
    %%%%%:  211-block 84
call   84 never executed
        2:  211-block 85
call   85 returned 2
       94:  211-block 86
call   86 returned 94
    %%%%%:  211-block 87
call   87 never executed
    %%%%%:  211-block 88
call   88 never executed
    %%%%%:  211-block 89
call   89 never executed
    %%%%%:  211-block 90
call   90 never executed
     1105:  211-block 91
call   91 returned 1105
     1403:  211-block 92
call   92 returned 1403
        -:  212:      }
        -:  213:#endif // C++20
        -:  214:
        -:  215:      friend _GLIBCXX20_CONSTEXPR bool
    #####:  216:      operator==(const allocator&, const allocator&) _GLIBCXX_NOTHROW
    #####:  217:      { return true; }
------------------
_ZSteqRKSaINSt7__cxx119sub_matchIN9__gnu_cxx17__normal_iteratorIPKcNS_12basic_stringIcSt11char_traitsIcESaIcEEEEEEEESE_:
function _ZSteqRKSaINSt7__cxx119sub_matchIN9__gnu_cxx17__normal_iteratorIPKcNS_12basic_stringIcSt11char_traitsIcESaIcEEEEEEEESE_ called 0 returned 0% blocks executed 0%
    #####:  216:      operator==(const allocator&, const allocator&) _GLIBCXX_NOTHROW
    #####:  217:      { return true; }
    %%%%%:  217-block  0
------------------
_ZSteqRKSaIN5Catch5clara6detail3ArgEES5_:
function _ZSteqRKSaIN5Catch5clara6detail3ArgEES5_ called 0 returned 0% blocks executed 0%
    #####:  216:      operator==(const allocator&, const allocator&) _GLIBCXX_NOTHROW
    #####:  217:      { return true; }
    %%%%%:  217-block  0
------------------
_ZSteqRKSaIN5Catch5clara6detail3OptEES5_:
function _ZSteqRKSaIN5Catch5clara6detail3OptEES5_ called 0 returned 0% blocks executed 0%
    #####:  216:      operator==(const allocator&, const allocator&) _GLIBCXX_NOTHROW
    #####:  217:      { return true; }
    %%%%%:  217-block  0
------------------
_ZSteqRKSaINSt7__cxx1112basic_stringIcSt11char_traitsIcESaIcEEEES7_:
function _ZSteqRKSaINSt7__cxx1112basic_stringIcSt11char_traitsIcESaIcEEEES7_ called 0 returned 0% blocks executed 0%
    #####:  216:      operator==(const allocator&, const allocator&) _GLIBCXX_NOTHROW
    #####:  217:      { return true; }
    %%%%%:  217-block  0
------------------
_ZSteqRKSaIcES1_:
function _ZSteqRKSaIcES1_ called 0 returned 0% blocks executed 0%
    #####:  216:      operator==(const allocator&, const allocator&) _GLIBCXX_NOTHROW
    #####:  217:      { return true; }
    %%%%%:  217-block  0
------------------
        -:  218:
        -:  219:#if __cpp_impl_three_way_comparison < 201907L
        -:  220:      friend _GLIBCXX20_CONSTEXPR bool
        -:  221:      operator!=(const allocator&, const allocator&) _GLIBCXX_NOTHROW
        -:  222:      { return false; }
        -:  223:#endif
        -:  224:
        -:  225:      // Inherit everything else.
        -:  226:    };
        -:  227:
        -:  228:  template<typename _T1, typename _T2>
        -:  229:    inline _GLIBCXX20_CONSTEXPR bool
        -:  230:    operator==(const allocator<_T1>&, const allocator<_T2>&)
        -:  231:    _GLIBCXX_NOTHROW
        -:  232:    { return true; }
        -:  233:
        -:  234:#if __cpp_impl_three_way_comparison < 201907L
        -:  235:  template<typename _T1, typename _T2>
        -:  236:    inline _GLIBCXX20_CONSTEXPR bool
        -:  237:    operator!=(const allocator<_T1>&, const allocator<_T2>&)
        -:  238:    _GLIBCXX_NOTHROW
        -:  239:    { return false; }
        -:  240:#endif
        -:  241:
        -:  242:  // Invalid allocator<cv T> partial specializations.
        -:  243:  // allocator_traits::rebind_alloc can be used to form a valid allocator type.
        -:  244:  template<typename _Tp>
        -:  245:    class allocator<const _Tp>
        -:  246:    {
        -:  247:    public:
        -:  248:      typedef _Tp value_type;
        -:  249:      template<typename _Up> allocator(const allocator<_Up>&) { }
        -:  250:    };
        -:  251:
        -:  252:  template<typename _Tp>
        -:  253:    class allocator<volatile _Tp>
        -:  254:    {
        -:  255:    public:
        -:  256:      typedef _Tp value_type;
        -:  257:      template<typename _Up> allocator(const allocator<_Up>&) { }
        -:  258:    };
        -:  259:
        -:  260:  template<typename _Tp>
        -:  261:    class allocator<const volatile _Tp>
        -:  262:    {
        -:  263:    public:
        -:  264:      typedef _Tp value_type;
        -:  265:      template<typename _Up> allocator(const allocator<_Up>&) { }
        -:  266:    };
        -:  267:
        -:  268:  /// @} group allocator
        -:  269:
        -:  270:  // Inhibit implicit instantiations for required instantiations,
        -:  271:  // which are defined via explicit instantiations elsewhere.
        -:  272:#if _GLIBCXX_EXTERN_TEMPLATE
        -:  273:  extern template class allocator<char>;
        -:  274:  extern template class allocator<wchar_t>;
        -:  275:#endif
        -:  276:
        -:  277:  // Undefine.
        -:  278:#undef __allocator_base
        -:  279:
        -:  280:  // To implement Option 3 of DR 431.
        -:  281:  template<typename _Alloc, bool = __is_empty(_Alloc)>
        -:  282:    struct __alloc_swap
        -:  283:    { static void _S_do_it(_Alloc&, _Alloc&) _GLIBCXX_NOEXCEPT { } };
        -:  284:
        -:  285:  template<typename _Alloc>
        -:  286:    struct __alloc_swap<_Alloc, false>
        -:  287:    {
        -:  288:      static void
        -:  289:      _S_do_it(_Alloc& __one, _Alloc& __two) _GLIBCXX_NOEXCEPT
        -:  290:      {
        -:  291:	// Precondition: swappable allocators.
        -:  292:	if (__one != __two)
        -:  293:	  swap(__one, __two);
        -:  294:      }
        -:  295:    };
        -:  296:
        -:  297:  // Optimize for stateless allocators.
        -:  298:  template<typename _Alloc, bool = __is_empty(_Alloc)>
        -:  299:    struct __alloc_neq
        -:  300:    {
        -:  301:      static bool
        -:  302:      _S_do_it(const _Alloc&, const _Alloc&)
        -:  303:      { return false; }
        -:  304:    };
        -:  305:
        -:  306:  template<typename _Alloc>
        -:  307:    struct __alloc_neq<_Alloc, false>
        -:  308:    {
        -:  309:      static bool
        -:  310:      _S_do_it(const _Alloc& __one, const _Alloc& __two)
        -:  311:      { return __one != __two; }
        -:  312:    };
        -:  313:
        -:  314:#if __cplusplus >= 201103L
        -:  315:  template<typename _Tp, bool
        -:  316:    = __or_<is_copy_constructible<typename _Tp::value_type>,
        -:  317:            is_nothrow_move_constructible<typename _Tp::value_type>>::value>
        -:  318:    struct __shrink_to_fit_aux
        -:  319:    { static bool _S_do_it(_Tp&) noexcept { return false; } };
        -:  320:
        -:  321:  template<typename _Tp>
        -:  322:    struct __shrink_to_fit_aux<_Tp, true>
        -:  323:    {
        -:  324:      static bool
        -:  325:      _S_do_it(_Tp& __c) noexcept
        -:  326:      {
        -:  327:#if __cpp_exceptions
        -:  328:	try
        -:  329:	  {
        -:  330:	    _Tp(__make_move_if_noexcept_iterator(__c.begin()),
        -:  331:		__make_move_if_noexcept_iterator(__c.end()),
        -:  332:		__c.get_allocator()).swap(__c);
        -:  333:	    return true;
        -:  334:	  }
        -:  335:	catch(...)
        -:  336:	  { return false; }
        -:  337:#else
        -:  338:	return false;
        -:  339:#endif
        -:  340:      }
        -:  341:    };
        -:  342:#endif
        -:  343:
        -:  344:_GLIBCXX_END_NAMESPACE_VERSION
        -:  345:} // namespace std
        -:  346:
        -:  347:#endif
